2023-02-09 10:50:36,495 - mmdet - INFO - Environment info:
------------------------------------------------------------
sys.platform: linux
Python: 3.8.10 (default, Nov 14 2022, 12:59:47) [GCC 9.4.0]
CUDA available: True
GPU 0: Tesla T4
CUDA_HOME: /usr/local/cuda
NVCC: Cuda compilation tools, release 11.2, V11.2.152
GCC: x86_64-linux-gnu-gcc (Ubuntu 9.4.0-1ubuntu1~20.04.1) 9.4.0
PyTorch: 1.13.1+cu116
PyTorch compiling details: PyTorch built with:
  - GCC 9.3
  - C++ Version: 201402
  - Intel(R) Math Kernel Library Version 2020.0.0 Product Build 20191122 for Intel(R) 64 architecture applications
  - Intel(R) MKL-DNN v2.6.0 (Git Hash 52b5f107dd9cf10910aaa19cb47f3abf9b349815)
  - OpenMP 201511 (a.k.a. OpenMP 4.5)
  - LAPACK is enabled (usually provided by MKL)
  - NNPACK is enabled
  - CPU capability usage: AVX2
  - CUDA Runtime 11.6
  - NVCC architecture flags: -gencode;arch=compute_37,code=sm_37;-gencode;arch=compute_50,code=sm_50;-gencode;arch=compute_60,code=sm_60;-gencode;arch=compute_70,code=sm_70;-gencode;arch=compute_75,code=sm_75;-gencode;arch=compute_80,code=sm_80;-gencode;arch=compute_86,code=sm_86
  - CuDNN 8.3.2  (built against CUDA 11.5)
  - Magma 2.6.1
  - Build settings: BLAS_INFO=mkl, BUILD_TYPE=Release, CUDA_VERSION=11.6, CUDNN_VERSION=8.3.2, CXX_COMPILER=/opt/rh/devtoolset-9/root/usr/bin/c++, CXX_FLAGS= -fabi-version=11 -Wno-deprecated -fvisibility-inlines-hidden -DUSE_PTHREADPOOL -fopenmp -DNDEBUG -DUSE_KINETO -DUSE_FBGEMM -DUSE_QNNPACK -DUSE_PYTORCH_QNNPACK -DUSE_XNNPACK -DSYMBOLICATE_MOBILE_DEBUG_HANDLE -DEDGE_PROFILER_USE_KINETO -O2 -fPIC -Wno-narrowing -Wall -Wextra -Werror=return-type -Werror=non-virtual-dtor -Wno-missing-field-initializers -Wno-type-limits -Wno-array-bounds -Wno-unknown-pragmas -Wunused-local-typedefs -Wno-unused-parameter -Wno-unused-function -Wno-unused-result -Wno-strict-overflow -Wno-strict-aliasing -Wno-error=deprecated-declarations -Wno-stringop-overflow -Wno-psabi -Wno-error=pedantic -Wno-error=redundant-decls -Wno-error=old-style-cast -fdiagnostics-color=always -faligned-new -Wno-unused-but-set-variable -Wno-maybe-uninitialized -fno-math-errno -fno-trapping-math -Werror=format -Werror=cast-function-type -Wno-stringop-overflow, LAPACK_INFO=mkl, PERF_WITH_AVX=1, PERF_WITH_AVX2=1, PERF_WITH_AVX512=1, TORCH_VERSION=1.13.1, USE_CUDA=ON, USE_CUDNN=ON, USE_EXCEPTION_PTR=1, USE_GFLAGS=OFF, USE_GLOG=OFF, USE_MKL=ON, USE_MKLDNN=ON, USE_MPI=OFF, USE_NCCL=ON, USE_NNPACK=ON, USE_OPENMP=ON, USE_ROCM=OFF, 

TorchVision: 0.14.1+cu116
OpenCV: 4.6.0
MMCV: 1.7.1
MMCV Compiler: GCC 9.3
MMCV CUDA Compiler: 11.6
MMDetection: 2.28.1+c14dd6c
------------------------------------------------------------

2023-02-09 10:50:36,720 - mmdet - INFO - Distributed training: False
2023-02-09 10:50:37,069 - mmdet - INFO - Config:
model = dict(
    type='MaskRCNN',
    backbone=dict(
        type='ResNet',
        depth=50,
        num_stages=4,
        out_indices=(0, 1, 2, 3),
        frozen_stages=1,
        norm_cfg=dict(type='BN', requires_grad=True),
        norm_eval=True,
        style='pytorch',
        init_cfg=dict(type='Pretrained', checkpoint='torchvision://resnet50')),
    neck=dict(
        type='FPN',
        in_channels=[256, 512, 1024, 2048],
        out_channels=256,
        num_outs=5),
    rpn_head=dict(
        type='RPNHead',
        in_channels=256,
        feat_channels=256,
        anchor_generator=dict(
            type='AnchorGenerator',
            scales=[8],
            ratios=[0.5, 1.0, 2.0],
            strides=[4, 8, 16, 32, 64]),
        bbox_coder=dict(
            type='DeltaXYWHBBoxCoder',
            target_means=[0.0, 0.0, 0.0, 0.0],
            target_stds=[1.0, 1.0, 1.0, 1.0]),
        loss_cls=dict(
            type='CrossEntropyLoss', use_sigmoid=True, loss_weight=1.0),
        loss_bbox=dict(type='L1Loss', loss_weight=1.0)),
    roi_head=dict(
        type='StandardRoIHead',
        bbox_roi_extractor=dict(
            type='SingleRoIExtractor',
            roi_layer=dict(type='RoIAlign', output_size=7, sampling_ratio=0),
            out_channels=256,
            featmap_strides=[4, 8, 16, 32]),
        bbox_head=dict(
            type='Shared2FCBBoxHead',
            in_channels=256,
            fc_out_channels=1024,
            roi_feat_size=7,
            num_classes=1,
            bbox_coder=dict(
                type='DeltaXYWHBBoxCoder',
                target_means=[0.0, 0.0, 0.0, 0.0],
                target_stds=[0.1, 0.1, 0.2, 0.2]),
            reg_class_agnostic=False,
            loss_cls=dict(
                type='CrossEntropyLoss', use_sigmoid=False, loss_weight=1.0),
            loss_bbox=dict(type='L1Loss', loss_weight=1.0)),
        mask_roi_extractor=dict(
            type='SingleRoIExtractor',
            roi_layer=dict(type='RoIAlign', output_size=14, sampling_ratio=0),
            out_channels=256,
            featmap_strides=[4, 8, 16, 32]),
        mask_head=dict(
            type='FCNMaskHead',
            num_convs=4,
            in_channels=256,
            conv_out_channels=256,
            num_classes=1,
            loss_mask=dict(
                type='CrossEntropyLoss', use_mask=True, loss_weight=1.0))),
    train_cfg=dict(
        rpn=dict(
            assigner=dict(
                type='MaxIoUAssigner',
                pos_iou_thr=0.7,
                neg_iou_thr=0.3,
                min_pos_iou=0.3,
                match_low_quality=True,
                ignore_iof_thr=-1),
            sampler=dict(
                type='RandomSampler',
                num=256,
                pos_fraction=0.5,
                neg_pos_ub=-1,
                add_gt_as_proposals=False),
            allowed_border=-1,
            pos_weight=-1,
            debug=False),
        rpn_proposal=dict(
            nms_pre=2000,
            max_per_img=1000,
            nms=dict(type='nms', iou_threshold=0.7),
            min_bbox_size=0),
        rcnn=dict(
            assigner=dict(
                type='MaxIoUAssigner',
                pos_iou_thr=0.5,
                neg_iou_thr=0.5,
                min_pos_iou=0.5,
                match_low_quality=True,
                ignore_iof_thr=-1),
            sampler=dict(
                type='RandomSampler',
                num=512,
                pos_fraction=0.25,
                neg_pos_ub=-1,
                add_gt_as_proposals=True),
            mask_size=28,
            pos_weight=-1,
            debug=False)),
    test_cfg=dict(
        rpn=dict(
            nms_pre=1000,
            max_per_img=1000,
            nms=dict(type='nms', iou_threshold=0.7),
            min_bbox_size=0),
        rcnn=dict(
            score_thr=0.05,
            nms=dict(type='nms', iou_threshold=0.5),
            max_per_img=100,
            mask_thr_binary=0.5)))
dataset_type = 'CocoDataset'
data_root = 'data/coco/'
img_norm_cfg = dict(
    mean=[123.675, 116.28, 103.53], std=[58.395, 57.12, 57.375], to_rgb=True)
train_pipeline = [
    dict(type='LoadImageFromFile'),
    dict(type='LoadAnnotations', with_bbox=True, with_mask=True),
    dict(type='Resize', img_scale=(1333, 800), keep_ratio=True),
    dict(type='RandomFlip', flip_ratio=0.5),
    dict(
        type='Normalize',
        mean=[123.675, 116.28, 103.53],
        std=[58.395, 57.12, 57.375],
        to_rgb=True),
    dict(type='Pad', size_divisor=32),
    dict(type='DefaultFormatBundle'),
    dict(type='Collect', keys=['img', 'gt_bboxes', 'gt_labels', 'gt_masks'])
]
test_pipeline = [
    dict(type='LoadImageFromFile'),
    dict(
        type='MultiScaleFlipAug',
        img_scale=(1333, 800),
        flip=False,
        transforms=[
            dict(type='Resize', keep_ratio=True),
            dict(type='RandomFlip'),
            dict(
                type='Normalize',
                mean=[123.675, 116.28, 103.53],
                std=[58.395, 57.12, 57.375],
                to_rgb=True),
            dict(type='Pad', size_divisor=32),
            dict(type='ImageToTensor', keys=['img']),
            dict(type='Collect', keys=['img'])
        ])
]
data = dict(
    samples_per_gpu=2,
    workers_per_gpu=1,
    train=dict(
        type='CocoDataset',
        ann_file='/content/mmdetection/data/balloon/annotations/train.json',
        img_prefix='/content/mmdetection/data/balloon/train',
        pipeline=[
            dict(type='LoadImageFromFile'),
            dict(type='LoadAnnotations', with_bbox=True, with_mask=True),
            dict(type='Resize', img_scale=(1333, 800), keep_ratio=True),
            dict(type='RandomFlip', flip_ratio=0.5),
            dict(
                type='Normalize',
                mean=[123.675, 116.28, 103.53],
                std=[58.395, 57.12, 57.375],
                to_rgb=True),
            dict(type='Pad', size_divisor=32),
            dict(type='DefaultFormatBundle'),
            dict(
                type='Collect',
                keys=['img', 'gt_bboxes', 'gt_labels', 'gt_masks'])
        ],
        classes=('balloon', )),
    val=dict(
        type='CocoDataset',
        ann_file='/content/mmdetection/data/balloon/annotations/val.json',
        img_prefix='/content/mmdetection/data/balloon/val',
        pipeline=[
            dict(type='LoadImageFromFile'),
            dict(
                type='MultiScaleFlipAug',
                img_scale=(1333, 800),
                flip=False,
                transforms=[
                    dict(type='Resize', keep_ratio=True),
                    dict(type='RandomFlip'),
                    dict(
                        type='Normalize',
                        mean=[123.675, 116.28, 103.53],
                        std=[58.395, 57.12, 57.375],
                        to_rgb=True),
                    dict(type='Pad', size_divisor=32),
                    dict(type='ImageToTensor', keys=['img']),
                    dict(type='Collect', keys=['img'])
                ])
        ],
        classes=('balloon', )),
    test=dict(
        type='CocoDataset',
        ann_file='/content/mmdetection/data/balloon/annotations/train.json',
        img_prefix='/content/mmdetection/data/balloon/train',
        pipeline=[
            dict(type='LoadImageFromFile'),
            dict(
                type='MultiScaleFlipAug',
                img_scale=(1333, 800),
                flip=False,
                transforms=[
                    dict(type='Resize', keep_ratio=True),
                    dict(type='RandomFlip'),
                    dict(
                        type='Normalize',
                        mean=[123.675, 116.28, 103.53],
                        std=[58.395, 57.12, 57.375],
                        to_rgb=True),
                    dict(type='Pad', size_divisor=32),
                    dict(type='ImageToTensor', keys=['img']),
                    dict(type='Collect', keys=['img'])
                ])
        ],
        classes=('balloon', )))
evaluation = dict(metric=['bbox', 'segm'])
optimizer = dict(type='SGD', lr=0.001, momentum=0.9, weight_decay=0.0001)
optimizer_config = dict(grad_clip=None)
lr_config = dict(
    policy='step',
    warmup='linear',
    warmup_iters=500,
    warmup_ratio=0.001,
    step=[1])
runner = dict(type='EpochBasedRunner', max_epochs=15)
checkpoint_config = dict(interval=4)
log_config = dict(interval=25, hooks=[dict(type='TextLoggerHook')])
custom_hooks = [dict(type='NumClassCheckHook')]
dist_params = dict(backend='nccl')
log_level = 'INFO'
load_from = 'https://download.openmmlab.com/mmdetection/v2.0/mask_rcnn/mask_rcnn_r50_fpn_2x_coco/mask_rcnn_r50_fpn_2x_coco_bbox_mAP-0.392__segm_mAP-0.354_20200505_003907-3e542a40.pth'
resume_from = None
workflow = [('train', 1)]
opencv_num_threads = 0
mp_start_method = 'fork'
auto_scale_lr = dict(enable=False, base_batch_size=16)
classes = ('balloon', )
work_dir = './work_dirs/mask_rcnn_r50_fpn_2x_balloon'
auto_resume = False
gpu_ids = [0]

2023-02-09 10:50:37,069 - mmdet - INFO - Set random seed to 203573956, deterministic: False
2023-02-09 10:50:39,433 - mmdet - INFO - Automatic scaling of learning rate (LR) has been disabled.
2023-02-09 10:50:39,438 - mmdet - INFO - load checkpoint from http path: https://download.openmmlab.com/mmdetection/v2.0/mask_rcnn/mask_rcnn_r50_fpn_2x_coco/mask_rcnn_r50_fpn_2x_coco_bbox_mAP-0.392__segm_mAP-0.354_20200505_003907-3e542a40.pth
2023-02-09 10:50:39,604 - mmdet - WARNING - The model and loaded state dict do not match exactly

size mismatch for roi_head.bbox_head.fc_cls.weight: copying a param with shape torch.Size([81, 1024]) from checkpoint, the shape in current model is torch.Size([2, 1024]).
size mismatch for roi_head.bbox_head.fc_cls.bias: copying a param with shape torch.Size([81]) from checkpoint, the shape in current model is torch.Size([2]).
size mismatch for roi_head.bbox_head.fc_reg.weight: copying a param with shape torch.Size([320, 1024]) from checkpoint, the shape in current model is torch.Size([4, 1024]).
size mismatch for roi_head.bbox_head.fc_reg.bias: copying a param with shape torch.Size([320]) from checkpoint, the shape in current model is torch.Size([4]).
size mismatch for roi_head.mask_head.conv_logits.weight: copying a param with shape torch.Size([80, 256, 1, 1]) from checkpoint, the shape in current model is torch.Size([1, 256, 1, 1]).
size mismatch for roi_head.mask_head.conv_logits.bias: copying a param with shape torch.Size([80]) from checkpoint, the shape in current model is torch.Size([1]).
2023-02-09 10:50:39,611 - mmdet - INFO - Start running, host: root@50f6cbd52f16, work_dir: /content/mmdetection/work_dirs/mask_rcnn_r50_fpn_2x_balloon
2023-02-09 10:50:39,611 - mmdet - INFO - Hooks will be executed in the following order:
before_run:
(VERY_HIGH   ) StepLrUpdaterHook                  
(NORMAL      ) CheckpointHook                     
(LOW         ) EvalHook                           
(VERY_LOW    ) TextLoggerHook                     
 -------------------- 
before_train_epoch:
(VERY_HIGH   ) StepLrUpdaterHook                  
(NORMAL      ) NumClassCheckHook                  
(LOW         ) IterTimerHook                      
(LOW         ) EvalHook                           
(VERY_LOW    ) TextLoggerHook                     
 -------------------- 
before_train_iter:
(VERY_HIGH   ) StepLrUpdaterHook                  
(LOW         ) IterTimerHook                      
(LOW         ) EvalHook                           
 -------------------- 
after_train_iter:
(ABOVE_NORMAL) OptimizerHook                      
(NORMAL      ) CheckpointHook                     
(LOW         ) IterTimerHook                      
(LOW         ) EvalHook                           
(VERY_LOW    ) TextLoggerHook                     
 -------------------- 
after_train_epoch:
(NORMAL      ) CheckpointHook                     
(LOW         ) EvalHook                           
(VERY_LOW    ) TextLoggerHook                     
 -------------------- 
before_val_epoch:
(NORMAL      ) NumClassCheckHook                  
(LOW         ) IterTimerHook                      
(VERY_LOW    ) TextLoggerHook                     
 -------------------- 
before_val_iter:
(LOW         ) IterTimerHook                      
 -------------------- 
after_val_iter:
(LOW         ) IterTimerHook                      
 -------------------- 
after_val_epoch:
(VERY_LOW    ) TextLoggerHook                     
 -------------------- 
after_run:
(VERY_LOW    ) TextLoggerHook                     
 -------------------- 
2023-02-09 10:50:39,611 - mmdet - INFO - workflow: [('train', 1)], max: 15 epochs
2023-02-09 10:50:39,611 - mmdet - INFO - Checkpoints will be saved to /content/mmdetection/work_dirs/mask_rcnn_r50_fpn_2x_balloon by HardDiskBackend.
2023-02-09 10:51:00,067 - mmdet - INFO - Epoch [1][25/31]	lr: 4.895e-05, eta: 0:05:57, time: 0.813, data_time: 0.117, memory: 3814, loss_rpn_cls: 0.0627, loss_rpn_bbox: 0.0140, loss_cls: 0.5283, acc: 88.8125, loss_bbox: 0.3099, loss_mask: 3.1426, loss: 4.0576
2023-02-09 10:51:16,978 - mmdet - INFO - Evaluating bbox...
2023-02-09 10:51:17,145 - mmdet - INFO - 
 Average Precision  (AP) @[ IoU=0.50:0.95 | area=   all | maxDets=100 ] = 0.038
 Average Precision  (AP) @[ IoU=0.50      | area=   all | maxDets=1000 ] = 0.090
 Average Precision  (AP) @[ IoU=0.75      | area=   all | maxDets=1000 ] = 0.017
 Average Precision  (AP) @[ IoU=0.50:0.95 | area= small | maxDets=1000 ] = 0.000
 Average Precision  (AP) @[ IoU=0.50:0.95 | area=medium | maxDets=1000 ] = 0.017
 Average Precision  (AP) @[ IoU=0.50:0.95 | area= large | maxDets=1000 ] = 0.060
 Average Recall     (AR) @[ IoU=0.50:0.95 | area=   all | maxDets=100 ] = 0.484
 Average Recall     (AR) @[ IoU=0.50:0.95 | area=   all | maxDets=300 ] = 0.484
 Average Recall     (AR) @[ IoU=0.50:0.95 | area=   all | maxDets=1000 ] = 0.484
 Average Recall     (AR) @[ IoU=0.50:0.95 | area= small | maxDets=1000 ] = 0.000
 Average Recall     (AR) @[ IoU=0.50:0.95 | area=medium | maxDets=1000 ] = 0.408
 Average Recall     (AR) @[ IoU=0.50:0.95 | area= large | maxDets=1000 ] = 0.536

2023-02-09 10:51:17,145 - mmdet - INFO - Evaluating segm...
2023-02-09 10:51:17,372 - mmdet - INFO - 
 Average Precision  (AP) @[ IoU=0.50:0.95 | area=   all | maxDets=100 ] = 0.078
 Average Precision  (AP) @[ IoU=0.50      | area=   all | maxDets=1000 ] = 0.103
 Average Precision  (AP) @[ IoU=0.75      | area=   all | maxDets=1000 ] = 0.088
 Average Precision  (AP) @[ IoU=0.50:0.95 | area= small | maxDets=1000 ] = 0.000
 Average Precision  (AP) @[ IoU=0.50:0.95 | area=medium | maxDets=1000 ] = 0.024
 Average Precision  (AP) @[ IoU=0.50:0.95 | area= large | maxDets=1000 ] = 0.167
 Average Recall     (AR) @[ IoU=0.50:0.95 | area=   all | maxDets=100 ] = 0.696
 Average Recall     (AR) @[ IoU=0.50:0.95 | area=   all | maxDets=300 ] = 0.696
 Average Recall     (AR) @[ IoU=0.50:0.95 | area=   all | maxDets=1000 ] = 0.696
 Average Recall     (AR) @[ IoU=0.50:0.95 | area= small | maxDets=1000 ] = 0.000
 Average Recall     (AR) @[ IoU=0.50:0.95 | area=medium | maxDets=1000 ] = 0.508
 Average Recall     (AR) @[ IoU=0.50:0.95 | area= large | maxDets=1000 ] = 0.797

2023-02-09 10:51:17,374 - mmdet - INFO - Exp name: mask_rcnn_r50_fpn_2x_balloon.py
2023-02-09 10:51:17,375 - mmdet - INFO - Epoch(val) [1][13]	bbox_mAP: 0.0383, bbox_mAP_50: 0.0900, bbox_mAP_75: 0.0171, bbox_mAP_s: 0.0000, bbox_mAP_m: 0.0167, bbox_mAP_l: 0.0597, bbox_mAP_copypaste: 0.0383 0.0900 0.0171 0.0000 0.0167 0.0597, segm_mAP: 0.0779, segm_mAP_50: 0.1031, segm_mAP_75: 0.0882, segm_mAP_s: 0.0000, segm_mAP_m: 0.0241, segm_mAP_l: 0.1672, segm_mAP_copypaste: 0.0779 0.1031 0.0882 0.0000 0.0241 0.1672
2023-02-09 10:51:35,814 - mmdet - INFO - Epoch [2][25/31]	lr: 1.109e-05, eta: 0:04:41, time: 0.731, data_time: 0.113, memory: 3814, loss_rpn_cls: 0.0396, loss_rpn_bbox: 0.0133, loss_cls: 0.3503, acc: 91.4609, loss_bbox: 0.3126, loss_mask: 0.3787, loss: 1.0945
2023-02-09 10:51:52,215 - mmdet - INFO - Evaluating bbox...
2023-02-09 10:51:52,375 - mmdet - INFO - 
 Average Precision  (AP) @[ IoU=0.50:0.95 | area=   all | maxDets=100 ] = 0.051
 Average Precision  (AP) @[ IoU=0.50      | area=   all | maxDets=1000 ] = 0.104
 Average Precision  (AP) @[ IoU=0.75      | area=   all | maxDets=1000 ] = 0.037
 Average Precision  (AP) @[ IoU=0.50:0.95 | area= small | maxDets=1000 ] = 0.000
 Average Precision  (AP) @[ IoU=0.50:0.95 | area=medium | maxDets=1000 ] = 0.027
 Average Precision  (AP) @[ IoU=0.50:0.95 | area= large | maxDets=1000 ] = 0.075
 Average Recall     (AR) @[ IoU=0.50:0.95 | area=   all | maxDets=100 ] = 0.534
 Average Recall     (AR) @[ IoU=0.50:0.95 | area=   all | maxDets=300 ] = 0.534
 Average Recall     (AR) @[ IoU=0.50:0.95 | area=   all | maxDets=1000 ] = 0.534
 Average Recall     (AR) @[ IoU=0.50:0.95 | area= small | maxDets=1000 ] = 0.000
 Average Recall     (AR) @[ IoU=0.50:0.95 | area=medium | maxDets=1000 ] = 0.508
 Average Recall     (AR) @[ IoU=0.50:0.95 | area= large | maxDets=1000 ] = 0.572

2023-02-09 10:51:52,375 - mmdet - INFO - Evaluating segm...
2023-02-09 10:51:52,586 - mmdet - INFO - 
 Average Precision  (AP) @[ IoU=0.50:0.95 | area=   all | maxDets=100 ] = 0.086
 Average Precision  (AP) @[ IoU=0.50      | area=   all | maxDets=1000 ] = 0.112
 Average Precision  (AP) @[ IoU=0.75      | area=   all | maxDets=1000 ] = 0.095
 Average Precision  (AP) @[ IoU=0.50:0.95 | area= small | maxDets=1000 ] = 0.000
 Average Precision  (AP) @[ IoU=0.50:0.95 | area=medium | maxDets=1000 ] = 0.031
 Average Precision  (AP) @[ IoU=0.50:0.95 | area= large | maxDets=1000 ] = 0.220
 Average Recall     (AR) @[ IoU=0.50:0.95 | area=   all | maxDets=100 ] = 0.740
 Average Recall     (AR) @[ IoU=0.50:0.95 | area=   all | maxDets=300 ] = 0.740
 Average Recall     (AR) @[ IoU=0.50:0.95 | area=   all | maxDets=1000 ] = 0.740
 Average Recall     (AR) @[ IoU=0.50:0.95 | area= small | maxDets=1000 ] = 0.000
 Average Recall     (AR) @[ IoU=0.50:0.95 | area=medium | maxDets=1000 ] = 0.625
 Average Recall     (AR) @[ IoU=0.50:0.95 | area= large | maxDets=1000 ] = 0.819

2023-02-09 10:51:52,588 - mmdet - INFO - Exp name: mask_rcnn_r50_fpn_2x_balloon.py
2023-02-09 10:51:52,588 - mmdet - INFO - Epoch(val) [2][13]	bbox_mAP: 0.0511, bbox_mAP_50: 0.1045, bbox_mAP_75: 0.0370, bbox_mAP_s: 0.0000, bbox_mAP_m: 0.0265, bbox_mAP_l: 0.0754, bbox_mAP_copypaste: 0.0511 0.1045 0.0370 0.0000 0.0265 0.0754, segm_mAP: 0.0865, segm_mAP_50: 0.1118, segm_mAP_75: 0.0946, segm_mAP_s: 0.0000, segm_mAP_m: 0.0312, segm_mAP_l: 0.2198, segm_mAP_copypaste: 0.0865 0.1118 0.0946 0.0000 0.0312 0.2198
2023-02-09 10:52:12,200 - mmdet - INFO - Epoch [3][25/31]	lr: 1.728e-05, eta: 0:04:12, time: 0.778, data_time: 0.123, memory: 3829, loss_rpn_cls: 0.0349, loss_rpn_bbox: 0.0147, loss_cls: 0.3330, acc: 90.4453, loss_bbox: 0.3586, loss_mask: 0.2637, loss: 1.0050
2023-02-09 10:52:28,092 - mmdet - INFO - Evaluating bbox...
2023-02-09 10:52:28,247 - mmdet - INFO - 
 Average Precision  (AP) @[ IoU=0.50:0.95 | area=   all | maxDets=100 ] = 0.064
 Average Precision  (AP) @[ IoU=0.50      | area=   all | maxDets=1000 ] = 0.129
 Average Precision  (AP) @[ IoU=0.75      | area=   all | maxDets=1000 ] = 0.050
 Average Precision  (AP) @[ IoU=0.50:0.95 | area= small | maxDets=1000 ] = 0.000
 Average Precision  (AP) @[ IoU=0.50:0.95 | area=medium | maxDets=1000 ] = 0.028
 Average Precision  (AP) @[ IoU=0.50:0.95 | area= large | maxDets=1000 ] = 0.101
 Average Recall     (AR) @[ IoU=0.50:0.95 | area=   all | maxDets=100 ] = 0.550
 Average Recall     (AR) @[ IoU=0.50:0.95 | area=   all | maxDets=300 ] = 0.550
 Average Recall     (AR) @[ IoU=0.50:0.95 | area=   all | maxDets=1000 ] = 0.550
 Average Recall     (AR) @[ IoU=0.50:0.95 | area= small | maxDets=1000 ] = 0.000
 Average Recall     (AR) @[ IoU=0.50:0.95 | area=medium | maxDets=1000 ] = 0.425
 Average Recall     (AR) @[ IoU=0.50:0.95 | area= large | maxDets=1000 ] = 0.622

2023-02-09 10:52:28,247 - mmdet - INFO - Evaluating segm...
2023-02-09 10:52:28,462 - mmdet - INFO - 
 Average Precision  (AP) @[ IoU=0.50:0.95 | area=   all | maxDets=100 ] = 0.105
 Average Precision  (AP) @[ IoU=0.50      | area=   all | maxDets=1000 ] = 0.129
 Average Precision  (AP) @[ IoU=0.75      | area=   all | maxDets=1000 ] = 0.117
 Average Precision  (AP) @[ IoU=0.50:0.95 | area= small | maxDets=1000 ] = 0.000
 Average Precision  (AP) @[ IoU=0.50:0.95 | area=medium | maxDets=1000 ] = 0.040
 Average Precision  (AP) @[ IoU=0.50:0.95 | area= large | maxDets=1000 ] = 0.267
 Average Recall     (AR) @[ IoU=0.50:0.95 | area=   all | maxDets=100 ] = 0.754
 Average Recall     (AR) @[ IoU=0.50:0.95 | area=   all | maxDets=300 ] = 0.754
 Average Recall     (AR) @[ IoU=0.50:0.95 | area=   all | maxDets=1000 ] = 0.754
 Average Recall     (AR) @[ IoU=0.50:0.95 | area= small | maxDets=1000 ] = 0.000
 Average Recall     (AR) @[ IoU=0.50:0.95 | area=medium | maxDets=1000 ] = 0.633
 Average Recall     (AR) @[ IoU=0.50:0.95 | area= large | maxDets=1000 ] = 0.836

2023-02-09 10:52:28,464 - mmdet - INFO - Exp name: mask_rcnn_r50_fpn_2x_balloon.py
2023-02-09 10:52:28,464 - mmdet - INFO - Epoch(val) [3][13]	bbox_mAP: 0.0642, bbox_mAP_50: 0.1294, bbox_mAP_75: 0.0499, bbox_mAP_s: 0.0000, bbox_mAP_m: 0.0280, bbox_mAP_l: 0.1006, bbox_mAP_copypaste: 0.0642 0.1294 0.0499 0.0000 0.0280 0.1006, segm_mAP: 0.1052, segm_mAP_50: 0.1288, segm_mAP_75: 0.1172, segm_mAP_s: 0.0000, segm_mAP_m: 0.0398, segm_mAP_l: 0.2671, segm_mAP_copypaste: 0.1052 0.1288 0.1172 0.0000 0.0398 0.2671
2023-02-09 10:52:47,506 - mmdet - INFO - Epoch [4][25/31]	lr: 2.348e-05, eta: 0:03:46, time: 0.755, data_time: 0.115, memory: 3829, loss_rpn_cls: 0.0407, loss_rpn_bbox: 0.0134, loss_cls: 0.3110, acc: 89.9805, loss_bbox: 0.3734, loss_mask: 0.2140, loss: 0.9526
2023-02-09 10:52:51,293 - mmdet - INFO - Saving checkpoint at 4 epochs
2023-02-09 10:53:04,617 - mmdet - INFO - Evaluating bbox...
2023-02-09 10:53:04,774 - mmdet - INFO - 
 Average Precision  (AP) @[ IoU=0.50:0.95 | area=   all | maxDets=100 ] = 0.114
 Average Precision  (AP) @[ IoU=0.50      | area=   all | maxDets=1000 ] = 0.182
 Average Precision  (AP) @[ IoU=0.75      | area=   all | maxDets=1000 ] = 0.123
 Average Precision  (AP) @[ IoU=0.50:0.95 | area= small | maxDets=1000 ] = 0.000
 Average Precision  (AP) @[ IoU=0.50:0.95 | area=medium | maxDets=1000 ] = 0.058
 Average Precision  (AP) @[ IoU=0.50:0.95 | area= large | maxDets=1000 ] = 0.160
 Average Recall     (AR) @[ IoU=0.50:0.95 | area=   all | maxDets=100 ] = 0.630
 Average Recall     (AR) @[ IoU=0.50:0.95 | area=   all | maxDets=300 ] = 0.630
 Average Recall     (AR) @[ IoU=0.50:0.95 | area=   all | maxDets=1000 ] = 0.630
 Average Recall     (AR) @[ IoU=0.50:0.95 | area= small | maxDets=1000 ] = 0.000
 Average Recall     (AR) @[ IoU=0.50:0.95 | area=medium | maxDets=1000 ] = 0.508
 Average Recall     (AR) @[ IoU=0.50:0.95 | area= large | maxDets=1000 ] = 0.706

2023-02-09 10:53:04,774 - mmdet - INFO - Evaluating segm...
2023-02-09 10:53:04,980 - mmdet - INFO - 
 Average Precision  (AP) @[ IoU=0.50:0.95 | area=   all | maxDets=100 ] = 0.149
 Average Precision  (AP) @[ IoU=0.50      | area=   all | maxDets=1000 ] = 0.181
 Average Precision  (AP) @[ IoU=0.75      | area=   all | maxDets=1000 ] = 0.164
 Average Precision  (AP) @[ IoU=0.50:0.95 | area= small | maxDets=1000 ] = 0.000
 Average Precision  (AP) @[ IoU=0.50:0.95 | area=medium | maxDets=1000 ] = 0.054
 Average Precision  (AP) @[ IoU=0.50:0.95 | area= large | maxDets=1000 ] = 0.345
 Average Recall     (AR) @[ IoU=0.50:0.95 | area=   all | maxDets=100 ] = 0.770
 Average Recall     (AR) @[ IoU=0.50:0.95 | area=   all | maxDets=300 ] = 0.770
 Average Recall     (AR) @[ IoU=0.50:0.95 | area=   all | maxDets=1000 ] = 0.770
 Average Recall     (AR) @[ IoU=0.50:0.95 | area= small | maxDets=1000 ] = 0.000
 Average Recall     (AR) @[ IoU=0.50:0.95 | area=medium | maxDets=1000 ] = 0.625
 Average Recall     (AR) @[ IoU=0.50:0.95 | area= large | maxDets=1000 ] = 0.861

2023-02-09 10:53:04,982 - mmdet - INFO - Exp name: mask_rcnn_r50_fpn_2x_balloon.py
2023-02-09 10:53:04,983 - mmdet - INFO - Epoch(val) [4][13]	bbox_mAP: 0.1137, bbox_mAP_50: 0.1819, bbox_mAP_75: 0.1233, bbox_mAP_s: 0.0000, bbox_mAP_m: 0.0579, bbox_mAP_l: 0.1602, bbox_mAP_copypaste: 0.1137 0.1819 0.1233 0.0000 0.0579 0.1602, segm_mAP: 0.1489, segm_mAP_50: 0.1810, segm_mAP_75: 0.1644, segm_mAP_s: 0.0000, segm_mAP_m: 0.0535, segm_mAP_l: 0.3446, segm_mAP_copypaste: 0.1489 0.1810 0.1644 0.0000 0.0535 0.3446
2023-02-09 10:53:24,100 - mmdet - INFO - Epoch [5][25/31]	lr: 2.967e-05, eta: 0:03:23, time: 0.758, data_time: 0.115, memory: 3868, loss_rpn_cls: 0.0346, loss_rpn_bbox: 0.0122, loss_cls: 0.2718, acc: 90.7422, loss_bbox: 0.3420, loss_mask: 0.1732, loss: 0.8338
2023-02-09 10:53:40,470 - mmdet - INFO - Evaluating bbox...
2023-02-09 10:53:40,630 - mmdet - INFO - 
 Average Precision  (AP) @[ IoU=0.50:0.95 | area=   all | maxDets=100 ] = 0.181
 Average Precision  (AP) @[ IoU=0.50      | area=   all | maxDets=1000 ] = 0.254
 Average Precision  (AP) @[ IoU=0.75      | area=   all | maxDets=1000 ] = 0.215
 Average Precision  (AP) @[ IoU=0.50:0.95 | area= small | maxDets=1000 ] = 0.000
 Average Precision  (AP) @[ IoU=0.50:0.95 | area=medium | maxDets=1000 ] = 0.098
 Average Precision  (AP) @[ IoU=0.50:0.95 | area= large | maxDets=1000 ] = 0.233
 Average Recall     (AR) @[ IoU=0.50:0.95 | area=   all | maxDets=100 ] = 0.662
 Average Recall     (AR) @[ IoU=0.50:0.95 | area=   all | maxDets=300 ] = 0.662
 Average Recall     (AR) @[ IoU=0.50:0.95 | area=   all | maxDets=1000 ] = 0.662
 Average Recall     (AR) @[ IoU=0.50:0.95 | area= small | maxDets=1000 ] = 0.000
 Average Recall     (AR) @[ IoU=0.50:0.95 | area=medium | maxDets=1000 ] = 0.558
 Average Recall     (AR) @[ IoU=0.50:0.95 | area= large | maxDets=1000 ] = 0.733

2023-02-09 10:53:40,630 - mmdet - INFO - Evaluating segm...
2023-02-09 10:53:40,818 - mmdet - INFO - 
 Average Precision  (AP) @[ IoU=0.50:0.95 | area=   all | maxDets=100 ] = 0.219
 Average Precision  (AP) @[ IoU=0.50      | area=   all | maxDets=1000 ] = 0.253
 Average Precision  (AP) @[ IoU=0.75      | area=   all | maxDets=1000 ] = 0.242
 Average Precision  (AP) @[ IoU=0.50:0.95 | area= small | maxDets=1000 ] = 0.000
 Average Precision  (AP) @[ IoU=0.50:0.95 | area=medium | maxDets=1000 ] = 0.081
 Average Precision  (AP) @[ IoU=0.50:0.95 | area= large | maxDets=1000 ] = 0.407
 Average Recall     (AR) @[ IoU=0.50:0.95 | area=   all | maxDets=100 ] = 0.770
 Average Recall     (AR) @[ IoU=0.50:0.95 | area=   all | maxDets=300 ] = 0.770
 Average Recall     (AR) @[ IoU=0.50:0.95 | area=   all | maxDets=1000 ] = 0.770
 Average Recall     (AR) @[ IoU=0.50:0.95 | area= small | maxDets=1000 ] = 0.000
 Average Recall     (AR) @[ IoU=0.50:0.95 | area=medium | maxDets=1000 ] = 0.633
 Average Recall     (AR) @[ IoU=0.50:0.95 | area= large | maxDets=1000 ] = 0.858

2023-02-09 10:53:40,820 - mmdet - INFO - Exp name: mask_rcnn_r50_fpn_2x_balloon.py
2023-02-09 10:53:40,820 - mmdet - INFO - Epoch(val) [5][13]	bbox_mAP: 0.1812, bbox_mAP_50: 0.2540, bbox_mAP_75: 0.2149, bbox_mAP_s: 0.0000, bbox_mAP_m: 0.0982, bbox_mAP_l: 0.2326, bbox_mAP_copypaste: 0.1812 0.2540 0.2149 0.0000 0.0982 0.2326, segm_mAP: 0.2188, segm_mAP_50: 0.2531, segm_mAP_75: 0.2422, segm_mAP_s: 0.0000, segm_mAP_m: 0.0813, segm_mAP_l: 0.4066, segm_mAP_copypaste: 0.2188 0.2531 0.2422 0.0000 0.0813 0.4066
2023-02-09 10:53:59,683 - mmdet - INFO - Epoch [6][25/31]	lr: 3.586e-05, eta: 0:03:01, time: 0.749, data_time: 0.116, memory: 3891, loss_rpn_cls: 0.0362, loss_rpn_bbox: 0.0141, loss_cls: 0.2687, acc: 89.7852, loss_bbox: 0.3733, loss_mask: 0.1657, loss: 0.8579
2023-02-09 10:54:15,824 - mmdet - INFO - Evaluating bbox...
2023-02-09 10:54:15,984 - mmdet - INFO - 
 Average Precision  (AP) @[ IoU=0.50:0.95 | area=   all | maxDets=100 ] = 0.295
 Average Precision  (AP) @[ IoU=0.50      | area=   all | maxDets=1000 ] = 0.384
 Average Precision  (AP) @[ IoU=0.75      | area=   all | maxDets=1000 ] = 0.359
 Average Precision  (AP) @[ IoU=0.50:0.95 | area= small | maxDets=1000 ] = 0.000
 Average Precision  (AP) @[ IoU=0.50:0.95 | area=medium | maxDets=1000 ] = 0.159
 Average Precision  (AP) @[ IoU=0.50:0.95 | area= large | maxDets=1000 ] = 0.365
 Average Recall     (AR) @[ IoU=0.50:0.95 | area=   all | maxDets=100 ] = 0.676
 Average Recall     (AR) @[ IoU=0.50:0.95 | area=   all | maxDets=300 ] = 0.676
 Average Recall     (AR) @[ IoU=0.50:0.95 | area=   all | maxDets=1000 ] = 0.676
 Average Recall     (AR) @[ IoU=0.50:0.95 | area= small | maxDets=1000 ] = 0.000
 Average Recall     (AR) @[ IoU=0.50:0.95 | area=medium | maxDets=1000 ] = 0.558
 Average Recall     (AR) @[ IoU=0.50:0.95 | area= large | maxDets=1000 ] = 0.753

2023-02-09 10:54:15,984 - mmdet - INFO - Evaluating segm...
2023-02-09 10:54:16,189 - mmdet - INFO - 
 Average Precision  (AP) @[ IoU=0.50:0.95 | area=   all | maxDets=100 ] = 0.335
 Average Precision  (AP) @[ IoU=0.50      | area=   all | maxDets=1000 ] = 0.383
 Average Precision  (AP) @[ IoU=0.75      | area=   all | maxDets=1000 ] = 0.365
 Average Precision  (AP) @[ IoU=0.50:0.95 | area= small | maxDets=1000 ] = 0.000
 Average Precision  (AP) @[ IoU=0.50:0.95 | area=medium | maxDets=1000 ] = 0.114
 Average Precision  (AP) @[ IoU=0.50:0.95 | area= large | maxDets=1000 ] = 0.532
 Average Recall     (AR) @[ IoU=0.50:0.95 | area=   all | maxDets=100 ] = 0.768
 Average Recall     (AR) @[ IoU=0.50:0.95 | area=   all | maxDets=300 ] = 0.768
 Average Recall     (AR) @[ IoU=0.50:0.95 | area=   all | maxDets=1000 ] = 0.768
 Average Recall     (AR) @[ IoU=0.50:0.95 | area= small | maxDets=1000 ] = 0.000
 Average Recall     (AR) @[ IoU=0.50:0.95 | area=medium | maxDets=1000 ] = 0.633
 Average Recall     (AR) @[ IoU=0.50:0.95 | area= large | maxDets=1000 ] = 0.856

2023-02-09 10:54:16,191 - mmdet - INFO - Exp name: mask_rcnn_r50_fpn_2x_balloon.py
2023-02-09 10:54:16,191 - mmdet - INFO - Epoch(val) [6][13]	bbox_mAP: 0.2948, bbox_mAP_50: 0.3842, bbox_mAP_75: 0.3589, bbox_mAP_s: 0.0000, bbox_mAP_m: 0.1590, bbox_mAP_l: 0.3647, bbox_mAP_copypaste: 0.2948 0.3842 0.3589 0.0000 0.1590 0.3647, segm_mAP: 0.3350, segm_mAP_50: 0.3832, segm_mAP_75: 0.3652, segm_mAP_s: 0.0000, segm_mAP_m: 0.1142, segm_mAP_l: 0.5319, segm_mAP_copypaste: 0.3350 0.3832 0.3652 0.0000 0.1142 0.5319
2023-02-09 10:54:35,687 - mmdet - INFO - Epoch [7][25/31]	lr: 4.206e-05, eta: 0:02:41, time: 0.774, data_time: 0.125, memory: 3891, loss_rpn_cls: 0.0250, loss_rpn_bbox: 0.0134, loss_cls: 0.2534, acc: 89.6719, loss_bbox: 0.3782, loss_mask: 0.1393, loss: 0.8093
2023-02-09 10:54:51,886 - mmdet - INFO - Evaluating bbox...
2023-02-09 10:54:52,158 - mmdet - INFO - 
 Average Precision  (AP) @[ IoU=0.50:0.95 | area=   all | maxDets=100 ] = 0.414
 Average Precision  (AP) @[ IoU=0.50      | area=   all | maxDets=1000 ] = 0.538
 Average Precision  (AP) @[ IoU=0.75      | area=   all | maxDets=1000 ] = 0.485
 Average Precision  (AP) @[ IoU=0.50:0.95 | area= small | maxDets=1000 ] = 0.000
 Average Precision  (AP) @[ IoU=0.50:0.95 | area=medium | maxDets=1000 ] = 0.219
 Average Precision  (AP) @[ IoU=0.50:0.95 | area= large | maxDets=1000 ] = 0.504
 Average Recall     (AR) @[ IoU=0.50:0.95 | area=   all | maxDets=100 ] = 0.692
 Average Recall     (AR) @[ IoU=0.50:0.95 | area=   all | maxDets=300 ] = 0.692
 Average Recall     (AR) @[ IoU=0.50:0.95 | area=   all | maxDets=1000 ] = 0.692
 Average Recall     (AR) @[ IoU=0.50:0.95 | area= small | maxDets=1000 ] = 0.000
 Average Recall     (AR) @[ IoU=0.50:0.95 | area=medium | maxDets=1000 ] = 0.608
 Average Recall     (AR) @[ IoU=0.50:0.95 | area= large | maxDets=1000 ] = 0.758

2023-02-09 10:54:52,158 - mmdet - INFO - Evaluating segm...
2023-02-09 10:54:52,371 - mmdet - INFO - 
 Average Precision  (AP) @[ IoU=0.50:0.95 | area=   all | maxDets=100 ] = 0.476
 Average Precision  (AP) @[ IoU=0.50      | area=   all | maxDets=1000 ] = 0.537
 Average Precision  (AP) @[ IoU=0.75      | area=   all | maxDets=1000 ] = 0.516
 Average Precision  (AP) @[ IoU=0.50:0.95 | area= small | maxDets=1000 ] = 0.000
 Average Precision  (AP) @[ IoU=0.50:0.95 | area=medium | maxDets=1000 ] = 0.177
 Average Precision  (AP) @[ IoU=0.50:0.95 | area= large | maxDets=1000 ] = 0.651
 Average Recall     (AR) @[ IoU=0.50:0.95 | area=   all | maxDets=100 ] = 0.788
 Average Recall     (AR) @[ IoU=0.50:0.95 | area=   all | maxDets=300 ] = 0.788
 Average Recall     (AR) @[ IoU=0.50:0.95 | area=   all | maxDets=1000 ] = 0.788
 Average Recall     (AR) @[ IoU=0.50:0.95 | area= small | maxDets=1000 ] = 0.000
 Average Recall     (AR) @[ IoU=0.50:0.95 | area=medium | maxDets=1000 ] = 0.683
 Average Recall     (AR) @[ IoU=0.50:0.95 | area= large | maxDets=1000 ] = 0.867

2023-02-09 10:54:52,374 - mmdet - INFO - Exp name: mask_rcnn_r50_fpn_2x_balloon.py
2023-02-09 10:54:52,374 - mmdet - INFO - Epoch(val) [7][13]	bbox_mAP: 0.4140, bbox_mAP_50: 0.5380, bbox_mAP_75: 0.4851, bbox_mAP_s: 0.0000, bbox_mAP_m: 0.2188, bbox_mAP_l: 0.5041, bbox_mAP_copypaste: 0.4140 0.5380 0.4851 0.0000 0.2188 0.5041, segm_mAP: 0.4756, segm_mAP_50: 0.5369, segm_mAP_75: 0.5158, segm_mAP_s: 0.0000, segm_mAP_m: 0.1766, segm_mAP_l: 0.6514, segm_mAP_copypaste: 0.4756 0.5369 0.5158 0.0000 0.1766 0.6514
2023-02-09 10:55:11,483 - mmdet - INFO - Epoch [8][25/31]	lr: 4.825e-05, eta: 0:02:20, time: 0.758, data_time: 0.115, memory: 3891, loss_rpn_cls: 0.0257, loss_rpn_bbox: 0.0117, loss_cls: 0.2385, acc: 89.3320, loss_bbox: 0.3887, loss_mask: 0.1232, loss: 0.7879
2023-02-09 10:55:15,412 - mmdet - INFO - Saving checkpoint at 8 epochs
2023-02-09 10:55:30,422 - mmdet - INFO - Evaluating bbox...
2023-02-09 10:55:30,575 - mmdet - INFO - 
 Average Precision  (AP) @[ IoU=0.50:0.95 | area=   all | maxDets=100 ] = 0.525
 Average Precision  (AP) @[ IoU=0.50      | area=   all | maxDets=1000 ] = 0.680
 Average Precision  (AP) @[ IoU=0.75      | area=   all | maxDets=1000 ] = 0.633
 Average Precision  (AP) @[ IoU=0.50:0.95 | area= small | maxDets=1000 ] = 0.005
 Average Precision  (AP) @[ IoU=0.50:0.95 | area=medium | maxDets=1000 ] = 0.288
 Average Precision  (AP) @[ IoU=0.50:0.95 | area= large | maxDets=1000 ] = 0.621
 Average Recall     (AR) @[ IoU=0.50:0.95 | area=   all | maxDets=100 ] = 0.710
 Average Recall     (AR) @[ IoU=0.50:0.95 | area=   all | maxDets=300 ] = 0.710
 Average Recall     (AR) @[ IoU=0.50:0.95 | area=   all | maxDets=1000 ] = 0.710
 Average Recall     (AR) @[ IoU=0.50:0.95 | area= small | maxDets=1000 ] = 0.200
 Average Recall     (AR) @[ IoU=0.50:0.95 | area=medium | maxDets=1000 ] = 0.658
 Average Recall     (AR) @[ IoU=0.50:0.95 | area= large | maxDets=1000 ] = 0.756

2023-02-09 10:55:30,575 - mmdet - INFO - Evaluating segm...
2023-02-09 10:55:30,780 - mmdet - INFO - 
 Average Precision  (AP) @[ IoU=0.50:0.95 | area=   all | maxDets=100 ] = 0.608
 Average Precision  (AP) @[ IoU=0.50      | area=   all | maxDets=1000 ] = 0.679
 Average Precision  (AP) @[ IoU=0.75      | area=   all | maxDets=1000 ] = 0.676
 Average Precision  (AP) @[ IoU=0.50:0.95 | area= small | maxDets=1000 ] = 0.003
 Average Precision  (AP) @[ IoU=0.50:0.95 | area=medium | maxDets=1000 ] = 0.239
 Average Precision  (AP) @[ IoU=0.50:0.95 | area= large | maxDets=1000 ] = 0.745
 Average Recall     (AR) @[ IoU=0.50:0.95 | area=   all | maxDets=100 ] = 0.822
 Average Recall     (AR) @[ IoU=0.50:0.95 | area=   all | maxDets=300 ] = 0.822
 Average Recall     (AR) @[ IoU=0.50:0.95 | area=   all | maxDets=1000 ] = 0.822
 Average Recall     (AR) @[ IoU=0.50:0.95 | area= small | maxDets=1000 ] = 0.350
 Average Recall     (AR) @[ IoU=0.50:0.95 | area=medium | maxDets=1000 ] = 0.750
 Average Recall     (AR) @[ IoU=0.50:0.95 | area= large | maxDets=1000 ] = 0.872

2023-02-09 10:55:30,782 - mmdet - INFO - Exp name: mask_rcnn_r50_fpn_2x_balloon.py
2023-02-09 10:55:30,782 - mmdet - INFO - Epoch(val) [8][13]	bbox_mAP: 0.5247, bbox_mAP_50: 0.6798, bbox_mAP_75: 0.6331, bbox_mAP_s: 0.0049, bbox_mAP_m: 0.2882, bbox_mAP_l: 0.6209, bbox_mAP_copypaste: 0.5247 0.6798 0.6331 0.0049 0.2882 0.6209, segm_mAP: 0.6081, segm_mAP_50: 0.6795, segm_mAP_75: 0.6762, segm_mAP_s: 0.0035, segm_mAP_m: 0.2392, segm_mAP_l: 0.7445, segm_mAP_copypaste: 0.6081 0.6795 0.6762 0.0035 0.2392 0.7445
2023-02-09 10:55:50,073 - mmdet - INFO - Epoch [9][25/31]	lr: 5.445e-05, eta: 0:02:01, time: 0.765, data_time: 0.115, memory: 3891, loss_rpn_cls: 0.0195, loss_rpn_bbox: 0.0127, loss_cls: 0.2211, acc: 89.4141, loss_bbox: 0.3867, loss_mask: 0.1311, loss: 0.7711
2023-02-09 10:56:05,930 - mmdet - INFO - Evaluating bbox...
2023-02-09 10:56:06,254 - mmdet - INFO - 
 Average Precision  (AP) @[ IoU=0.50:0.95 | area=   all | maxDets=100 ] = 0.540
 Average Precision  (AP) @[ IoU=0.50      | area=   all | maxDets=1000 ] = 0.721
 Average Precision  (AP) @[ IoU=0.75      | area=   all | maxDets=1000 ] = 0.674
 Average Precision  (AP) @[ IoU=0.50:0.95 | area= small | maxDets=1000 ] = 0.007
 Average Precision  (AP) @[ IoU=0.50:0.95 | area=medium | maxDets=1000 ] = 0.406
 Average Precision  (AP) @[ IoU=0.50:0.95 | area= large | maxDets=1000 ] = 0.625
 Average Recall     (AR) @[ IoU=0.50:0.95 | area=   all | maxDets=100 ] = 0.692
 Average Recall     (AR) @[ IoU=0.50:0.95 | area=   all | maxDets=300 ] = 0.692
 Average Recall     (AR) @[ IoU=0.50:0.95 | area=   all | maxDets=1000 ] = 0.692
 Average Recall     (AR) @[ IoU=0.50:0.95 | area= small | maxDets=1000 ] = 0.200
 Average Recall     (AR) @[ IoU=0.50:0.95 | area=medium | maxDets=1000 ] = 0.658
 Average Recall     (AR) @[ IoU=0.50:0.95 | area= large | maxDets=1000 ] = 0.731

2023-02-09 10:56:06,255 - mmdet - INFO - Evaluating segm...
2023-02-09 10:56:06,645 - mmdet - INFO - 
 Average Precision  (AP) @[ IoU=0.50:0.95 | area=   all | maxDets=100 ] = 0.646
 Average Precision  (AP) @[ IoU=0.50      | area=   all | maxDets=1000 ] = 0.722
 Average Precision  (AP) @[ IoU=0.75      | area=   all | maxDets=1000 ] = 0.719
 Average Precision  (AP) @[ IoU=0.50:0.95 | area= small | maxDets=1000 ] = 0.010
 Average Precision  (AP) @[ IoU=0.50:0.95 | area=medium | maxDets=1000 ] = 0.385
 Average Precision  (AP) @[ IoU=0.50:0.95 | area= large | maxDets=1000 ] = 0.760
 Average Recall     (AR) @[ IoU=0.50:0.95 | area=   all | maxDets=100 ] = 0.826
 Average Recall     (AR) @[ IoU=0.50:0.95 | area=   all | maxDets=300 ] = 0.826
 Average Recall     (AR) @[ IoU=0.50:0.95 | area=   all | maxDets=1000 ] = 0.826
 Average Recall     (AR) @[ IoU=0.50:0.95 | area= small | maxDets=1000 ] = 0.600
 Average Recall     (AR) @[ IoU=0.50:0.95 | area=medium | maxDets=1000 ] = 0.742
 Average Recall     (AR) @[ IoU=0.50:0.95 | area= large | maxDets=1000 ] = 0.867

2023-02-09 10:56:06,648 - mmdet - INFO - Exp name: mask_rcnn_r50_fpn_2x_balloon.py
2023-02-09 10:56:06,648 - mmdet - INFO - Epoch(val) [9][13]	bbox_mAP: 0.5404, bbox_mAP_50: 0.7213, bbox_mAP_75: 0.6742, bbox_mAP_s: 0.0070, bbox_mAP_m: 0.4058, bbox_mAP_l: 0.6252, bbox_mAP_copypaste: 0.5404 0.7213 0.6742 0.0070 0.4058 0.6252, segm_mAP: 0.6457, segm_mAP_50: 0.7220, segm_mAP_75: 0.7186, segm_mAP_s: 0.0102, segm_mAP_m: 0.3849, segm_mAP_l: 0.7600, segm_mAP_copypaste: 0.6457 0.7220 0.7186 0.0102 0.3849 0.7600
2023-02-09 10:56:25,722 - mmdet - INFO - Epoch [10][25/31]	lr: 6.064e-05, eta: 0:01:41, time: 0.757, data_time: 0.116, memory: 3891, loss_rpn_cls: 0.0223, loss_rpn_bbox: 0.0115, loss_cls: 0.2009, acc: 90.2812, loss_bbox: 0.3715, loss_mask: 0.1092, loss: 0.7154
2023-02-09 10:56:41,403 - mmdet - INFO - Evaluating bbox...
2023-02-09 10:56:41,550 - mmdet - INFO - 
 Average Precision  (AP) @[ IoU=0.50:0.95 | area=   all | maxDets=100 ] = 0.570
 Average Precision  (AP) @[ IoU=0.50      | area=   all | maxDets=1000 ] = 0.737
 Average Precision  (AP) @[ IoU=0.75      | area=   all | maxDets=1000 ] = 0.715
 Average Precision  (AP) @[ IoU=0.50:0.95 | area= small | maxDets=1000 ] = 0.009
 Average Precision  (AP) @[ IoU=0.50:0.95 | area=medium | maxDets=1000 ] = 0.447
 Average Precision  (AP) @[ IoU=0.50:0.95 | area= large | maxDets=1000 ] = 0.657
 Average Recall     (AR) @[ IoU=0.50:0.95 | area=   all | maxDets=100 ] = 0.710
 Average Recall     (AR) @[ IoU=0.50:0.95 | area=   all | maxDets=300 ] = 0.710
 Average Recall     (AR) @[ IoU=0.50:0.95 | area=   all | maxDets=1000 ] = 0.710
 Average Recall     (AR) @[ IoU=0.50:0.95 | area= small | maxDets=1000 ] = 0.200
 Average Recall     (AR) @[ IoU=0.50:0.95 | area=medium | maxDets=1000 ] = 0.667
 Average Recall     (AR) @[ IoU=0.50:0.95 | area= large | maxDets=1000 ] = 0.753

2023-02-09 10:56:41,550 - mmdet - INFO - Evaluating segm...
2023-02-09 10:56:41,750 - mmdet - INFO - 
 Average Precision  (AP) @[ IoU=0.50:0.95 | area=   all | maxDets=100 ] = 0.672
 Average Precision  (AP) @[ IoU=0.50      | area=   all | maxDets=1000 ] = 0.737
 Average Precision  (AP) @[ IoU=0.75      | area=   all | maxDets=1000 ] = 0.734
 Average Precision  (AP) @[ IoU=0.50:0.95 | area= small | maxDets=1000 ] = 0.011
 Average Precision  (AP) @[ IoU=0.50:0.95 | area=medium | maxDets=1000 ] = 0.428
 Average Precision  (AP) @[ IoU=0.50:0.95 | area= large | maxDets=1000 ] = 0.783
 Average Recall     (AR) @[ IoU=0.50:0.95 | area=   all | maxDets=100 ] = 0.834
 Average Recall     (AR) @[ IoU=0.50:0.95 | area=   all | maxDets=300 ] = 0.834
 Average Recall     (AR) @[ IoU=0.50:0.95 | area=   all | maxDets=1000 ] = 0.834
 Average Recall     (AR) @[ IoU=0.50:0.95 | area= small | maxDets=1000 ] = 0.600
 Average Recall     (AR) @[ IoU=0.50:0.95 | area=medium | maxDets=1000 ] = 0.742
 Average Recall     (AR) @[ IoU=0.50:0.95 | area= large | maxDets=1000 ] = 0.878

2023-02-09 10:56:41,752 - mmdet - INFO - Exp name: mask_rcnn_r50_fpn_2x_balloon.py
2023-02-09 10:56:41,752 - mmdet - INFO - Epoch(val) [10][13]	bbox_mAP: 0.5703, bbox_mAP_50: 0.7370, bbox_mAP_75: 0.7153, bbox_mAP_s: 0.0092, bbox_mAP_m: 0.4467, bbox_mAP_l: 0.6566, bbox_mAP_copypaste: 0.5703 0.7370 0.7153 0.0092 0.4467 0.6566, segm_mAP: 0.6724, segm_mAP_50: 0.7371, segm_mAP_75: 0.7340, segm_mAP_s: 0.0110, segm_mAP_m: 0.4283, segm_mAP_l: 0.7826, segm_mAP_copypaste: 0.6724 0.7371 0.7340 0.0110 0.4283 0.7826
2023-02-09 10:57:01,031 - mmdet - INFO - Epoch [11][25/31]	lr: 6.683e-05, eta: 0:01:21, time: 0.765, data_time: 0.116, memory: 3891, loss_rpn_cls: 0.0179, loss_rpn_bbox: 0.0116, loss_cls: 0.1892, acc: 91.1445, loss_bbox: 0.3830, loss_mask: 0.1233, loss: 0.7250
2023-02-09 10:57:15,827 - mmdet - INFO - Evaluating bbox...
2023-02-09 10:57:15,975 - mmdet - INFO - 
 Average Precision  (AP) @[ IoU=0.50:0.95 | area=   all | maxDets=100 ] = 0.589
 Average Precision  (AP) @[ IoU=0.50      | area=   all | maxDets=1000 ] = 0.753
 Average Precision  (AP) @[ IoU=0.75      | area=   all | maxDets=1000 ] = 0.728
 Average Precision  (AP) @[ IoU=0.50:0.95 | area= small | maxDets=1000 ] = 0.014
 Average Precision  (AP) @[ IoU=0.50:0.95 | area=medium | maxDets=1000 ] = 0.471
 Average Precision  (AP) @[ IoU=0.50:0.95 | area= large | maxDets=1000 ] = 0.674
 Average Recall     (AR) @[ IoU=0.50:0.95 | area=   all | maxDets=100 ] = 0.726
 Average Recall     (AR) @[ IoU=0.50:0.95 | area=   all | maxDets=300 ] = 0.726
 Average Recall     (AR) @[ IoU=0.50:0.95 | area=   all | maxDets=1000 ] = 0.726
 Average Recall     (AR) @[ IoU=0.50:0.95 | area= small | maxDets=1000 ] = 0.250
 Average Recall     (AR) @[ IoU=0.50:0.95 | area=medium | maxDets=1000 ] = 0.667
 Average Recall     (AR) @[ IoU=0.50:0.95 | area= large | maxDets=1000 ] = 0.772

2023-02-09 10:57:15,975 - mmdet - INFO - Evaluating segm...
2023-02-09 10:57:16,171 - mmdet - INFO - 
 Average Precision  (AP) @[ IoU=0.50:0.95 | area=   all | maxDets=100 ] = 0.686
 Average Precision  (AP) @[ IoU=0.50      | area=   all | maxDets=1000 ] = 0.751
 Average Precision  (AP) @[ IoU=0.75      | area=   all | maxDets=1000 ] = 0.748
 Average Precision  (AP) @[ IoU=0.50:0.95 | area= small | maxDets=1000 ] = 0.014
 Average Precision  (AP) @[ IoU=0.50:0.95 | area=medium | maxDets=1000 ] = 0.467
 Average Precision  (AP) @[ IoU=0.50:0.95 | area= large | maxDets=1000 ] = 0.793
 Average Recall     (AR) @[ IoU=0.50:0.95 | area=   all | maxDets=100 ] = 0.834
 Average Recall     (AR) @[ IoU=0.50:0.95 | area=   all | maxDets=300 ] = 0.834
 Average Recall     (AR) @[ IoU=0.50:0.95 | area=   all | maxDets=1000 ] = 0.834
 Average Recall     (AR) @[ IoU=0.50:0.95 | area= small | maxDets=1000 ] = 0.600
 Average Recall     (AR) @[ IoU=0.50:0.95 | area=medium | maxDets=1000 ] = 0.742
 Average Recall     (AR) @[ IoU=0.50:0.95 | area= large | maxDets=1000 ] = 0.878

2023-02-09 10:57:16,173 - mmdet - INFO - Exp name: mask_rcnn_r50_fpn_2x_balloon.py
2023-02-09 10:57:16,173 - mmdet - INFO - Epoch(val) [11][13]	bbox_mAP: 0.5893, bbox_mAP_50: 0.7532, bbox_mAP_75: 0.7285, bbox_mAP_s: 0.0145, bbox_mAP_m: 0.4708, bbox_mAP_l: 0.6737, bbox_mAP_copypaste: 0.5893 0.7532 0.7285 0.0145 0.4708 0.6737, segm_mAP: 0.6861, segm_mAP_50: 0.7513, segm_mAP_75: 0.7481, segm_mAP_s: 0.0141, segm_mAP_m: 0.4667, segm_mAP_l: 0.7927, segm_mAP_copypaste: 0.6861 0.7513 0.7481 0.0141 0.4667 0.7927
2023-02-09 10:57:35,348 - mmdet - INFO - Epoch [12][25/31]	lr: 7.303e-05, eta: 0:01:01, time: 0.760, data_time: 0.118, memory: 3891, loss_rpn_cls: 0.0191, loss_rpn_bbox: 0.0110, loss_cls: 0.1704, acc: 93.0781, loss_bbox: 0.3531, loss_mask: 0.1115, loss: 0.6650
2023-02-09 10:57:39,378 - mmdet - INFO - Saving checkpoint at 12 epochs
2023-02-09 10:57:51,673 - mmdet - INFO - Evaluating bbox...
2023-02-09 10:57:51,815 - mmdet - INFO - 
 Average Precision  (AP) @[ IoU=0.50:0.95 | area=   all | maxDets=100 ] = 0.598
 Average Precision  (AP) @[ IoU=0.50      | area=   all | maxDets=1000 ] = 0.770
 Average Precision  (AP) @[ IoU=0.75      | area=   all | maxDets=1000 ] = 0.741
 Average Precision  (AP) @[ IoU=0.50:0.95 | area= small | maxDets=1000 ] = 0.025
 Average Precision  (AP) @[ IoU=0.50:0.95 | area=medium | maxDets=1000 ] = 0.474
 Average Precision  (AP) @[ IoU=0.50:0.95 | area= large | maxDets=1000 ] = 0.681
 Average Recall     (AR) @[ IoU=0.50:0.95 | area=   all | maxDets=100 ] = 0.734
 Average Recall     (AR) @[ IoU=0.50:0.95 | area=   all | maxDets=300 ] = 0.734
 Average Recall     (AR) @[ IoU=0.50:0.95 | area=   all | maxDets=1000 ] = 0.734
 Average Recall     (AR) @[ IoU=0.50:0.95 | area= small | maxDets=1000 ] = 0.350
 Average Recall     (AR) @[ IoU=0.50:0.95 | area=medium | maxDets=1000 ] = 0.675
 Average Recall     (AR) @[ IoU=0.50:0.95 | area= large | maxDets=1000 ] = 0.775

2023-02-09 10:57:51,815 - mmdet - INFO - Evaluating segm...
2023-02-09 10:57:51,996 - mmdet - INFO - 
 Average Precision  (AP) @[ IoU=0.50:0.95 | area=   all | maxDets=100 ] = 0.698
 Average Precision  (AP) @[ IoU=0.50      | area=   all | maxDets=1000 ] = 0.760
 Average Precision  (AP) @[ IoU=0.75      | area=   all | maxDets=1000 ] = 0.756
 Average Precision  (AP) @[ IoU=0.50:0.95 | area= small | maxDets=1000 ] = 0.015
 Average Precision  (AP) @[ IoU=0.50:0.95 | area=medium | maxDets=1000 ] = 0.490
 Average Precision  (AP) @[ IoU=0.50:0.95 | area= large | maxDets=1000 ] = 0.802
 Average Recall     (AR) @[ IoU=0.50:0.95 | area=   all | maxDets=100 ] = 0.836
 Average Recall     (AR) @[ IoU=0.50:0.95 | area=   all | maxDets=300 ] = 0.836
 Average Recall     (AR) @[ IoU=0.50:0.95 | area=   all | maxDets=1000 ] = 0.836
 Average Recall     (AR) @[ IoU=0.50:0.95 | area= small | maxDets=1000 ] = 0.600
 Average Recall     (AR) @[ IoU=0.50:0.95 | area=medium | maxDets=1000 ] = 0.742
 Average Recall     (AR) @[ IoU=0.50:0.95 | area= large | maxDets=1000 ] = 0.881

2023-02-09 10:57:51,998 - mmdet - INFO - Exp name: mask_rcnn_r50_fpn_2x_balloon.py
2023-02-09 10:57:51,998 - mmdet - INFO - Epoch(val) [12][13]	bbox_mAP: 0.5978, bbox_mAP_50: 0.7699, bbox_mAP_75: 0.7408, bbox_mAP_s: 0.0249, bbox_mAP_m: 0.4739, bbox_mAP_l: 0.6806, bbox_mAP_copypaste: 0.5978 0.7699 0.7408 0.0249 0.4739 0.6806, segm_mAP: 0.6977, segm_mAP_50: 0.7604, segm_mAP_75: 0.7564, segm_mAP_s: 0.0152, segm_mAP_m: 0.4899, segm_mAP_l: 0.8017, segm_mAP_copypaste: 0.6977 0.7604 0.7564 0.0152 0.4899 0.8017
2023-02-09 10:58:11,244 - mmdet - INFO - Epoch [13][25/31]	lr: 7.922e-05, eta: 0:00:42, time: 0.764, data_time: 0.120, memory: 3891, loss_rpn_cls: 0.0146, loss_rpn_bbox: 0.0116, loss_cls: 0.1586, acc: 94.1016, loss_bbox: 0.3471, loss_mask: 0.1068, loss: 0.6388
2023-02-09 10:58:25,038 - mmdet - INFO - Evaluating bbox...
2023-02-09 10:58:25,169 - mmdet - INFO - 
 Average Precision  (AP) @[ IoU=0.50:0.95 | area=   all | maxDets=100 ] = 0.623
 Average Precision  (AP) @[ IoU=0.50      | area=   all | maxDets=1000 ] = 0.780
 Average Precision  (AP) @[ IoU=0.75      | area=   all | maxDets=1000 ] = 0.755
 Average Precision  (AP) @[ IoU=0.50:0.95 | area= small | maxDets=1000 ] = 0.026
 Average Precision  (AP) @[ IoU=0.50:0.95 | area=medium | maxDets=1000 ] = 0.495
 Average Precision  (AP) @[ IoU=0.50:0.95 | area= large | maxDets=1000 ] = 0.701
 Average Recall     (AR) @[ IoU=0.50:0.95 | area=   all | maxDets=100 ] = 0.746
 Average Recall     (AR) @[ IoU=0.50:0.95 | area=   all | maxDets=300 ] = 0.746
 Average Recall     (AR) @[ IoU=0.50:0.95 | area=   all | maxDets=1000 ] = 0.746
 Average Recall     (AR) @[ IoU=0.50:0.95 | area= small | maxDets=1000 ] = 0.350
 Average Recall     (AR) @[ IoU=0.50:0.95 | area=medium | maxDets=1000 ] = 0.683
 Average Recall     (AR) @[ IoU=0.50:0.95 | area= large | maxDets=1000 ] = 0.789

2023-02-09 10:58:25,169 - mmdet - INFO - Evaluating segm...
2023-02-09 10:58:25,326 - mmdet - INFO - 
 Average Precision  (AP) @[ IoU=0.50:0.95 | area=   all | maxDets=100 ] = 0.713
 Average Precision  (AP) @[ IoU=0.50      | area=   all | maxDets=1000 ] = 0.778
 Average Precision  (AP) @[ IoU=0.75      | area=   all | maxDets=1000 ] = 0.774
 Average Precision  (AP) @[ IoU=0.50:0.95 | area= small | maxDets=1000 ] = 0.019
 Average Precision  (AP) @[ IoU=0.50:0.95 | area=medium | maxDets=1000 ] = 0.503
 Average Precision  (AP) @[ IoU=0.50:0.95 | area= large | maxDets=1000 ] = 0.810
 Average Recall     (AR) @[ IoU=0.50:0.95 | area=   all | maxDets=100 ] = 0.832
 Average Recall     (AR) @[ IoU=0.50:0.95 | area=   all | maxDets=300 ] = 0.832
 Average Recall     (AR) @[ IoU=0.50:0.95 | area=   all | maxDets=1000 ] = 0.832
 Average Recall     (AR) @[ IoU=0.50:0.95 | area= small | maxDets=1000 ] = 0.600
 Average Recall     (AR) @[ IoU=0.50:0.95 | area=medium | maxDets=1000 ] = 0.742
 Average Recall     (AR) @[ IoU=0.50:0.95 | area= large | maxDets=1000 ] = 0.875

2023-02-09 10:58:25,328 - mmdet - INFO - Exp name: mask_rcnn_r50_fpn_2x_balloon.py
2023-02-09 10:58:25,328 - mmdet - INFO - Epoch(val) [13][13]	bbox_mAP: 0.6230, bbox_mAP_50: 0.7804, bbox_mAP_75: 0.7553, bbox_mAP_s: 0.0255, bbox_mAP_m: 0.4949, bbox_mAP_l: 0.7014, bbox_mAP_copypaste: 0.6230 0.7804 0.7553 0.0255 0.4949 0.7014, segm_mAP: 0.7128, segm_mAP_50: 0.7782, segm_mAP_75: 0.7738, segm_mAP_s: 0.0188, segm_mAP_m: 0.5034, segm_mAP_l: 0.8097, segm_mAP_copypaste: 0.7128 0.7782 0.7738 0.0188 0.5034 0.8097
2023-02-09 10:58:44,439 - mmdet - INFO - Epoch [14][25/31]	lr: 8.541e-05, eta: 0:00:23, time: 0.758, data_time: 0.117, memory: 3891, loss_rpn_cls: 0.0146, loss_rpn_bbox: 0.0098, loss_cls: 0.1385, acc: 94.9922, loss_bbox: 0.3091, loss_mask: 0.1071, loss: 0.5791
2023-02-09 10:58:56,797 - mmdet - INFO - Evaluating bbox...
2023-02-09 10:58:56,918 - mmdet - INFO - 
 Average Precision  (AP) @[ IoU=0.50:0.95 | area=   all | maxDets=100 ] = 0.638
 Average Precision  (AP) @[ IoU=0.50      | area=   all | maxDets=1000 ] = 0.788
 Average Precision  (AP) @[ IoU=0.75      | area=   all | maxDets=1000 ] = 0.780
 Average Precision  (AP) @[ IoU=0.50:0.95 | area= small | maxDets=1000 ] = 0.028
 Average Precision  (AP) @[ IoU=0.50:0.95 | area=medium | maxDets=1000 ] = 0.509
 Average Precision  (AP) @[ IoU=0.50:0.95 | area= large | maxDets=1000 ] = 0.719
 Average Recall     (AR) @[ IoU=0.50:0.95 | area=   all | maxDets=100 ] = 0.756
 Average Recall     (AR) @[ IoU=0.50:0.95 | area=   all | maxDets=300 ] = 0.756
 Average Recall     (AR) @[ IoU=0.50:0.95 | area=   all | maxDets=1000 ] = 0.756
 Average Recall     (AR) @[ IoU=0.50:0.95 | area= small | maxDets=1000 ] = 0.350
 Average Recall     (AR) @[ IoU=0.50:0.95 | area=medium | maxDets=1000 ] = 0.667
 Average Recall     (AR) @[ IoU=0.50:0.95 | area= large | maxDets=1000 ] = 0.808

2023-02-09 10:58:56,918 - mmdet - INFO - Evaluating segm...
2023-02-09 10:58:57,061 - mmdet - INFO - 
 Average Precision  (AP) @[ IoU=0.50:0.95 | area=   all | maxDets=100 ] = 0.720
 Average Precision  (AP) @[ IoU=0.50      | area=   all | maxDets=1000 ] = 0.785
 Average Precision  (AP) @[ IoU=0.75      | area=   all | maxDets=1000 ] = 0.781
 Average Precision  (AP) @[ IoU=0.50:0.95 | area= small | maxDets=1000 ] = 0.022
 Average Precision  (AP) @[ IoU=0.50:0.95 | area=medium | maxDets=1000 ] = 0.521
 Average Precision  (AP) @[ IoU=0.50:0.95 | area= large | maxDets=1000 ] = 0.815
 Average Recall     (AR) @[ IoU=0.50:0.95 | area=   all | maxDets=100 ] = 0.832
 Average Recall     (AR) @[ IoU=0.50:0.95 | area=   all | maxDets=300 ] = 0.832
 Average Recall     (AR) @[ IoU=0.50:0.95 | area=   all | maxDets=1000 ] = 0.832
 Average Recall     (AR) @[ IoU=0.50:0.95 | area= small | maxDets=1000 ] = 0.600
 Average Recall     (AR) @[ IoU=0.50:0.95 | area=medium | maxDets=1000 ] = 0.742
 Average Recall     (AR) @[ IoU=0.50:0.95 | area= large | maxDets=1000 ] = 0.875

2023-02-09 10:58:57,063 - mmdet - INFO - Exp name: mask_rcnn_r50_fpn_2x_balloon.py
2023-02-09 10:58:57,063 - mmdet - INFO - Epoch(val) [14][13]	bbox_mAP: 0.6384, bbox_mAP_50: 0.7880, bbox_mAP_75: 0.7795, bbox_mAP_s: 0.0281, bbox_mAP_m: 0.5090, bbox_mAP_l: 0.7187, bbox_mAP_copypaste: 0.6384 0.7880 0.7795 0.0281 0.5090 0.7187, segm_mAP: 0.7197, segm_mAP_50: 0.7853, segm_mAP_75: 0.7810, segm_mAP_s: 0.0223, segm_mAP_m: 0.5209, segm_mAP_l: 0.8153, segm_mAP_copypaste: 0.7197 0.7853 0.7810 0.0223 0.5209 0.8153
2023-02-09 10:59:16,486 - mmdet - INFO - Epoch [15][25/31]	lr: 9.161e-05, eta: 0:00:03, time: 0.771, data_time: 0.118, memory: 3891, loss_rpn_cls: 0.0149, loss_rpn_bbox: 0.0096, loss_cls: 0.1229, acc: 95.8867, loss_bbox: 0.2871, loss_mask: 0.0931, loss: 0.5276
2023-02-09 10:59:20,626 - mmdet - INFO - Saving checkpoint at 15 epochs
2023-02-09 10:59:31,862 - mmdet - INFO - Evaluating bbox...
2023-02-09 10:59:31,980 - mmdet - INFO - 
 Average Precision  (AP) @[ IoU=0.50:0.95 | area=   all | maxDets=100 ] = 0.662
 Average Precision  (AP) @[ IoU=0.50      | area=   all | maxDets=1000 ] = 0.794
 Average Precision  (AP) @[ IoU=0.75      | area=   all | maxDets=1000 ] = 0.782
 Average Precision  (AP) @[ IoU=0.50:0.95 | area= small | maxDets=1000 ] = 0.048
 Average Precision  (AP) @[ IoU=0.50:0.95 | area=medium | maxDets=1000 ] = 0.529
 Average Precision  (AP) @[ IoU=0.50:0.95 | area= large | maxDets=1000 ] = 0.739
 Average Recall     (AR) @[ IoU=0.50:0.95 | area=   all | maxDets=100 ] = 0.768
 Average Recall     (AR) @[ IoU=0.50:0.95 | area=   all | maxDets=300 ] = 0.768
 Average Recall     (AR) @[ IoU=0.50:0.95 | area=   all | maxDets=1000 ] = 0.768
 Average Recall     (AR) @[ IoU=0.50:0.95 | area= small | maxDets=1000 ] = 0.400
 Average Recall     (AR) @[ IoU=0.50:0.95 | area=medium | maxDets=1000 ] = 0.700
 Average Recall     (AR) @[ IoU=0.50:0.95 | area= large | maxDets=1000 ] = 0.811

2023-02-09 10:59:31,980 - mmdet - INFO - Evaluating segm...
2023-02-09 10:59:32,116 - mmdet - INFO - 
 Average Precision  (AP) @[ IoU=0.50:0.95 | area=   all | maxDets=100 ] = 0.724
 Average Precision  (AP) @[ IoU=0.50      | area=   all | maxDets=1000 ] = 0.790
 Average Precision  (AP) @[ IoU=0.75      | area=   all | maxDets=1000 ] = 0.786
 Average Precision  (AP) @[ IoU=0.50:0.95 | area= small | maxDets=1000 ] = 0.025
 Average Precision  (AP) @[ IoU=0.50:0.95 | area=medium | maxDets=1000 ] = 0.523
 Average Precision  (AP) @[ IoU=0.50:0.95 | area= large | maxDets=1000 ] = 0.816
 Average Recall     (AR) @[ IoU=0.50:0.95 | area=   all | maxDets=100 ] = 0.836
 Average Recall     (AR) @[ IoU=0.50:0.95 | area=   all | maxDets=300 ] = 0.836
 Average Recall     (AR) @[ IoU=0.50:0.95 | area=   all | maxDets=1000 ] = 0.836
 Average Recall     (AR) @[ IoU=0.50:0.95 | area= small | maxDets=1000 ] = 0.600
 Average Recall     (AR) @[ IoU=0.50:0.95 | area=medium | maxDets=1000 ] = 0.750
 Average Recall     (AR) @[ IoU=0.50:0.95 | area= large | maxDets=1000 ] = 0.878

2023-02-09 10:59:32,118 - mmdet - INFO - Exp name: mask_rcnn_r50_fpn_2x_balloon.py
2023-02-09 10:59:32,118 - mmdet - INFO - Epoch(val) [15][13]	bbox_mAP: 0.6620, bbox_mAP_50: 0.7943, bbox_mAP_75: 0.7818, bbox_mAP_s: 0.0483, bbox_mAP_m: 0.5293, bbox_mAP_l: 0.7390, bbox_mAP_copypaste: 0.6620 0.7943 0.7818 0.0483 0.5293 0.7390, segm_mAP: 0.7244, segm_mAP_50: 0.7898, segm_mAP_75: 0.7858, segm_mAP_s: 0.0247, segm_mAP_m: 0.5234, segm_mAP_l: 0.8164, segm_mAP_copypaste: 0.7244 0.7898 0.7858 0.0247 0.5234 0.8164
