2023-02-06 21:08:37,772 - mmcls - INFO - Environment info:
------------------------------------------------------------
sys.platform: linux
Python: 3.8.16 (default, Jan 17 2023, 23:13:24) [GCC 11.2.0]
CUDA available: True
GPU 0: NVIDIA GeForce RTX 3090
CUDA_HOME: /data/apps/cuda/11.1
NVCC: Cuda compilation tools, release 11.1, V11.1.74
GCC: gcc (GCC) 7.3.0
PyTorch: 1.10.0+cu111
PyTorch compiling details: PyTorch built with:
  - GCC 7.3
  - C++ Version: 201402
  - Intel(R) Math Kernel Library Version 2020.0.0 Product Build 20191122 for Intel(R) 64 architecture applications
  - Intel(R) MKL-DNN v2.2.3 (Git Hash 7336ca9f055cf1bfa13efb658fe15dc9b41f0740)
  - OpenMP 201511 (a.k.a. OpenMP 4.5)
  - LAPACK is enabled (usually provided by MKL)
  - NNPACK is enabled
  - CPU capability usage: AVX2
  - CUDA Runtime 11.1
  - NVCC architecture flags: -gencode;arch=compute_37,code=sm_37;-gencode;arch=compute_50,code=sm_50;-gencode;arch=compute_60,code=sm_60;-gencode;arch=compute_70,code=sm_70;-gencode;arch=compute_75,code=sm_75;-gencode;arch=compute_80,code=sm_80;-gencode;arch=compute_86,code=sm_86
  - CuDNN 8.0.5
  - Magma 2.5.2
  - Build settings: BLAS_INFO=mkl, BUILD_TYPE=Release, CUDA_VERSION=11.1, CUDNN_VERSION=8.0.5, CXX_COMPILER=/opt/rh/devtoolset-7/root/usr/bin/c++, CXX_FLAGS= -Wno-deprecated -fvisibility-inlines-hidden -DUSE_PTHREADPOOL -fopenmp -DNDEBUG -DUSE_KINETO -DUSE_FBGEMM -DUSE_QNNPACK -DUSE_PYTORCH_QNNPACK -DUSE_XNNPACK -DSYMBOLICATE_MOBILE_DEBUG_HANDLE -DEDGE_PROFILER_USE_KINETO -O2 -fPIC -Wno-narrowing -Wall -Wextra -Werror=return-type -Wno-missing-field-initializers -Wno-type-limits -Wno-array-bounds -Wno-unknown-pragmas -Wno-sign-compare -Wno-unused-parameter -Wno-unused-variable -Wno-unused-function -Wno-unused-result -Wno-unused-local-typedefs -Wno-strict-overflow -Wno-strict-aliasing -Wno-error=deprecated-declarations -Wno-stringop-overflow -Wno-psabi -Wno-error=pedantic -Wno-error=redundant-decls -Wno-error=old-style-cast -fdiagnostics-color=always -faligned-new -Wno-unused-but-set-variable -Wno-maybe-uninitialized -fno-math-errno -fno-trapping-math -Werror=format -Wno-stringop-overflow, LAPACK_INFO=mkl, PERF_WITH_AVX=1, PERF_WITH_AVX2=1, PERF_WITH_AVX512=1, TORCH_VERSION=1.10.0, USE_CUDA=ON, USE_CUDNN=ON, USE_EXCEPTION_PTR=1, USE_GFLAGS=OFF, USE_GLOG=OFF, USE_MKL=ON, USE_MKLDNN=ON, USE_MPI=OFF, USE_NCCL=ON, USE_NNPACK=ON, USE_OPENMP=ON, 

TorchVision: 0.11.0+cu111
OpenCV: 4.7.0
MMCV: 1.7.0
MMCV Compiler: GCC 7.3
MMCV CUDA Compiler: not available
MMClassification: 0.25.0+3d4f80d
------------------------------------------------------------

2023-02-06 21:08:37,773 - mmcls - INFO - Distributed training: False
2023-02-06 21:08:37,871 - mmcls - INFO - Config:
model = dict(
    type='ImageClassifier',
    backbone=dict(
        type='ResNet',
        depth=18,
        num_stages=4,
        out_indices=(3, ),
        style='pytorch'),
    neck=dict(type='GlobalAveragePooling'),
    head=dict(
        type='LinearClsHead',
        num_classes=5,
        in_channels=512,
        loss=dict(type='CrossEntropyLoss', loss_weight=1.0),
        topk=(1, )))
dataset_type = 'ImageNet'
img_norm_cfg = dict(
    mean=[123.675, 116.28, 103.53], std=[58.395, 57.12, 57.375], to_rgb=True)
train_pipeline = [
    dict(type='LoadImageFromFile'),
    dict(type='RandomResizedCrop', size=224),
    dict(type='RandomFlip', flip_prob=0.5, direction='horizontal'),
    dict(
        type='Normalize',
        mean=[123.675, 116.28, 103.53],
        std=[58.395, 57.12, 57.375],
        to_rgb=True),
    dict(type='ImageToTensor', keys=['img']),
    dict(type='ToTensor', keys=['gt_label']),
    dict(type='Collect', keys=['img', 'gt_label'])
]
test_pipeline = [
    dict(type='LoadImageFromFile'),
    dict(type='Resize', size=(256, -1)),
    dict(type='CenterCrop', crop_size=224),
    dict(
        type='Normalize',
        mean=[123.675, 116.28, 103.53],
        std=[58.395, 57.12, 57.375],
        to_rgb=True),
    dict(type='ImageToTensor', keys=['img']),
    dict(type='Collect', keys=['img'])
]
data = dict(
    samples_per_gpu=32,
    workers_per_gpu=2,
    train=dict(
        type='ImageNet',
        data_prefix='/HOME/scz0bet/run/mmclassification/data/flower/train',
        pipeline=[
            dict(type='LoadImageFromFile'),
            dict(type='RandomResizedCrop', size=224),
            dict(type='RandomFlip', flip_prob=0.5, direction='horizontal'),
            dict(
                type='Normalize',
                mean=[123.675, 116.28, 103.53],
                std=[58.395, 57.12, 57.375],
                to_rgb=True),
            dict(type='ImageToTensor', keys=['img']),
            dict(type='ToTensor', keys=['gt_label']),
            dict(type='Collect', keys=['img', 'gt_label'])
        ],
        ann_file='/HOME/scz0bet/run/mmclassification/data/flower/train.txt',
        classes='/HOME/scz0bet/run/mmclassification/data/flower/classes.txt'),
    val=dict(
        type='ImageNet',
        data_prefix='/HOME/scz0bet/run/mmclassification/data/flower/val',
        ann_file='/HOME/scz0bet/run/mmclassification/data/flower/val.txt',
        pipeline=[
            dict(type='LoadImageFromFile'),
            dict(type='Resize', size=(256, -1)),
            dict(type='CenterCrop', crop_size=224),
            dict(
                type='Normalize',
                mean=[123.675, 116.28, 103.53],
                std=[58.395, 57.12, 57.375],
                to_rgb=True),
            dict(type='ImageToTensor', keys=['img']),
            dict(type='Collect', keys=['img'])
        ],
        classes='/HOME/scz0bet/run/mmclassification/data/flower/classes.txt'),
    test=dict(
        type='ImageNet',
        data_prefix='data/imagenet/val',
        ann_file='data/imagenet/meta/val.txt',
        pipeline=[
            dict(type='LoadImageFromFile'),
            dict(type='Resize', size=(256, -1)),
            dict(type='CenterCrop', crop_size=224),
            dict(
                type='Normalize',
                mean=[123.675, 116.28, 103.53],
                std=[58.395, 57.12, 57.375],
                to_rgb=True),
            dict(type='ImageToTensor', keys=['img']),
            dict(type='Collect', keys=['img'])
        ]))
evaluation = dict(
    interval=1, metric='accuracy', metric_options=dict(topk=(1, )))
checkpoint_config = dict(interval=1)
log_config = dict(interval=100, hooks=[dict(type='TextLoggerHook')])
dist_params = dict(backend='nccl')
log_level = 'INFO'
load_from = '/HOME/scz0bet/run/mmclassification/checkpoint/resnet18_8xb32_in1k_20210831-fbbb1da6.pth'
resume_from = None
workflow = [('train', 1)]
optimizer = dict(type='SGD', lr=0.001, momentum=0.9, weight_decay=0.0001)
optimizer_config = dict(grad_clip=None)
lr_config = dict(policy='step', step=[1])
runner = dict(type='EpochBasedRunner', max_epochs=100)
work_dir = 'work/resnet18_b32_flower'
gpu_ids = [0]

2023-02-06 21:08:37,873 - mmcls - INFO - Set random seed to 227871217, deterministic: False
2023-02-06 21:08:37,966 - mmcls - INFO - initialize ResNet with init_cfg [{'type': 'Kaiming', 'layer': ['Conv2d']}, {'type': 'Constant', 'val': 1, 'layer': ['_BatchNorm', 'GroupNorm']}]
2023-02-06 21:08:38,055 - mmcls - INFO - initialize LinearClsHead with init_cfg {'type': 'Normal', 'layer': 'Linear', 'std': 0.01}
Name of parameter - Initialization information

backbone.conv1.weight - torch.Size([64, 3, 7, 7]): 
KaimingInit: a=0, mode=fan_out, nonlinearity=relu, distribution =normal, bias=0 

backbone.bn1.weight - torch.Size([64]): 
The value is the same before and after calling `init_weights` of ImageClassifier  

backbone.bn1.bias - torch.Size([64]): 
The value is the same before and after calling `init_weights` of ImageClassifier  

backbone.layer1.0.conv1.weight - torch.Size([64, 64, 3, 3]): 
KaimingInit: a=0, mode=fan_out, nonlinearity=relu, distribution =normal, bias=0 

backbone.layer1.0.bn1.weight - torch.Size([64]): 
The value is the same before and after calling `init_weights` of ImageClassifier  

backbone.layer1.0.bn1.bias - torch.Size([64]): 
The value is the same before and after calling `init_weights` of ImageClassifier  

backbone.layer1.0.conv2.weight - torch.Size([64, 64, 3, 3]): 
KaimingInit: a=0, mode=fan_out, nonlinearity=relu, distribution =normal, bias=0 

backbone.layer1.0.bn2.weight - torch.Size([64]): 
Initialized by user-defined `init_weights` in ResNet  

backbone.layer1.0.bn2.bias - torch.Size([64]): 
The value is the same before and after calling `init_weights` of ImageClassifier  

backbone.layer1.1.conv1.weight - torch.Size([64, 64, 3, 3]): 
KaimingInit: a=0, mode=fan_out, nonlinearity=relu, distribution =normal, bias=0 

backbone.layer1.1.bn1.weight - torch.Size([64]): 
The value is the same before and after calling `init_weights` of ImageClassifier  

backbone.layer1.1.bn1.bias - torch.Size([64]): 
The value is the same before and after calling `init_weights` of ImageClassifier  

backbone.layer1.1.conv2.weight - torch.Size([64, 64, 3, 3]): 
KaimingInit: a=0, mode=fan_out, nonlinearity=relu, distribution =normal, bias=0 

backbone.layer1.1.bn2.weight - torch.Size([64]): 
Initialized by user-defined `init_weights` in ResNet  

backbone.layer1.1.bn2.bias - torch.Size([64]): 
The value is the same before and after calling `init_weights` of ImageClassifier  

backbone.layer2.0.conv1.weight - torch.Size([128, 64, 3, 3]): 
KaimingInit: a=0, mode=fan_out, nonlinearity=relu, distribution =normal, bias=0 

backbone.layer2.0.bn1.weight - torch.Size([128]): 
The value is the same before and after calling `init_weights` of ImageClassifier  

backbone.layer2.0.bn1.bias - torch.Size([128]): 
The value is the same before and after calling `init_weights` of ImageClassifier  

backbone.layer2.0.conv2.weight - torch.Size([128, 128, 3, 3]): 
KaimingInit: a=0, mode=fan_out, nonlinearity=relu, distribution =normal, bias=0 

backbone.layer2.0.bn2.weight - torch.Size([128]): 
Initialized by user-defined `init_weights` in ResNet  

backbone.layer2.0.bn2.bias - torch.Size([128]): 
The value is the same before and after calling `init_weights` of ImageClassifier  

backbone.layer2.0.downsample.0.weight - torch.Size([128, 64, 1, 1]): 
KaimingInit: a=0, mode=fan_out, nonlinearity=relu, distribution =normal, bias=0 

backbone.layer2.0.downsample.1.weight - torch.Size([128]): 
The value is the same before and after calling `init_weights` of ImageClassifier  

backbone.layer2.0.downsample.1.bias - torch.Size([128]): 
The value is the same before and after calling `init_weights` of ImageClassifier  

backbone.layer2.1.conv1.weight - torch.Size([128, 128, 3, 3]): 
KaimingInit: a=0, mode=fan_out, nonlinearity=relu, distribution =normal, bias=0 

backbone.layer2.1.bn1.weight - torch.Size([128]): 
The value is the same before and after calling `init_weights` of ImageClassifier  

backbone.layer2.1.bn1.bias - torch.Size([128]): 
The value is the same before and after calling `init_weights` of ImageClassifier  

backbone.layer2.1.conv2.weight - torch.Size([128, 128, 3, 3]): 
KaimingInit: a=0, mode=fan_out, nonlinearity=relu, distribution =normal, bias=0 

backbone.layer2.1.bn2.weight - torch.Size([128]): 
Initialized by user-defined `init_weights` in ResNet  

backbone.layer2.1.bn2.bias - torch.Size([128]): 
The value is the same before and after calling `init_weights` of ImageClassifier  

backbone.layer3.0.conv1.weight - torch.Size([256, 128, 3, 3]): 
KaimingInit: a=0, mode=fan_out, nonlinearity=relu, distribution =normal, bias=0 

backbone.layer3.0.bn1.weight - torch.Size([256]): 
The value is the same before and after calling `init_weights` of ImageClassifier  

backbone.layer3.0.bn1.bias - torch.Size([256]): 
The value is the same before and after calling `init_weights` of ImageClassifier  

backbone.layer3.0.conv2.weight - torch.Size([256, 256, 3, 3]): 
KaimingInit: a=0, mode=fan_out, nonlinearity=relu, distribution =normal, bias=0 

backbone.layer3.0.bn2.weight - torch.Size([256]): 
Initialized by user-defined `init_weights` in ResNet  

backbone.layer3.0.bn2.bias - torch.Size([256]): 
The value is the same before and after calling `init_weights` of ImageClassifier  

backbone.layer3.0.downsample.0.weight - torch.Size([256, 128, 1, 1]): 
KaimingInit: a=0, mode=fan_out, nonlinearity=relu, distribution =normal, bias=0 

backbone.layer3.0.downsample.1.weight - torch.Size([256]): 
The value is the same before and after calling `init_weights` of ImageClassifier  

backbone.layer3.0.downsample.1.bias - torch.Size([256]): 
The value is the same before and after calling `init_weights` of ImageClassifier  

backbone.layer3.1.conv1.weight - torch.Size([256, 256, 3, 3]): 
KaimingInit: a=0, mode=fan_out, nonlinearity=relu, distribution =normal, bias=0 

backbone.layer3.1.bn1.weight - torch.Size([256]): 
The value is the same before and after calling `init_weights` of ImageClassifier  

backbone.layer3.1.bn1.bias - torch.Size([256]): 
The value is the same before and after calling `init_weights` of ImageClassifier  

backbone.layer3.1.conv2.weight - torch.Size([256, 256, 3, 3]): 
KaimingInit: a=0, mode=fan_out, nonlinearity=relu, distribution =normal, bias=0 

backbone.layer3.1.bn2.weight - torch.Size([256]): 
Initialized by user-defined `init_weights` in ResNet  

backbone.layer3.1.bn2.bias - torch.Size([256]): 
The value is the same before and after calling `init_weights` of ImageClassifier  

backbone.layer4.0.conv1.weight - torch.Size([512, 256, 3, 3]): 
KaimingInit: a=0, mode=fan_out, nonlinearity=relu, distribution =normal, bias=0 

backbone.layer4.0.bn1.weight - torch.Size([512]): 
The value is the same before and after calling `init_weights` of ImageClassifier  

backbone.layer4.0.bn1.bias - torch.Size([512]): 
The value is the same before and after calling `init_weights` of ImageClassifier  

backbone.layer4.0.conv2.weight - torch.Size([512, 512, 3, 3]): 
KaimingInit: a=0, mode=fan_out, nonlinearity=relu, distribution =normal, bias=0 

backbone.layer4.0.bn2.weight - torch.Size([512]): 
Initialized by user-defined `init_weights` in ResNet  

backbone.layer4.0.bn2.bias - torch.Size([512]): 
The value is the same before and after calling `init_weights` of ImageClassifier  

backbone.layer4.0.downsample.0.weight - torch.Size([512, 256, 1, 1]): 
KaimingInit: a=0, mode=fan_out, nonlinearity=relu, distribution =normal, bias=0 

backbone.layer4.0.downsample.1.weight - torch.Size([512]): 
The value is the same before and after calling `init_weights` of ImageClassifier  

backbone.layer4.0.downsample.1.bias - torch.Size([512]): 
The value is the same before and after calling `init_weights` of ImageClassifier  

backbone.layer4.1.conv1.weight - torch.Size([512, 512, 3, 3]): 
KaimingInit: a=0, mode=fan_out, nonlinearity=relu, distribution =normal, bias=0 

backbone.layer4.1.bn1.weight - torch.Size([512]): 
The value is the same before and after calling `init_weights` of ImageClassifier  

backbone.layer4.1.bn1.bias - torch.Size([512]): 
The value is the same before and after calling `init_weights` of ImageClassifier  

backbone.layer4.1.conv2.weight - torch.Size([512, 512, 3, 3]): 
KaimingInit: a=0, mode=fan_out, nonlinearity=relu, distribution =normal, bias=0 

backbone.layer4.1.bn2.weight - torch.Size([512]): 
Initialized by user-defined `init_weights` in ResNet  

backbone.layer4.1.bn2.bias - torch.Size([512]): 
The value is the same before and after calling `init_weights` of ImageClassifier  

head.fc.weight - torch.Size([5, 512]): 
NormalInit: mean=0, std=0.01, bias=0 

head.fc.bias - torch.Size([5]): 
NormalInit: mean=0, std=0.01, bias=0 
2023-02-06 21:08:42,845 - mmcls - INFO - load checkpoint from local path: /HOME/scz0bet/run/mmclassification/checkpoint/resnet18_8xb32_in1k_20210831-fbbb1da6.pth
2023-02-06 21:08:42,941 - mmcls - WARNING - The model and loaded state dict do not match exactly

size mismatch for head.fc.weight: copying a param with shape torch.Size([1000, 512]) from checkpoint, the shape in current model is torch.Size([5, 512]).
size mismatch for head.fc.bias: copying a param with shape torch.Size([1000]) from checkpoint, the shape in current model is torch.Size([5]).
2023-02-06 21:08:42,941 - mmcls - INFO - Start running, host: scz0bet@g0015, work_dir: /data/run01/scz0bet/mmclassification/work/resnet18_b32_flower
2023-02-06 21:08:42,942 - mmcls - INFO - Hooks will be executed in the following order:
before_run:
(VERY_HIGH   ) StepLrUpdaterHook                  
(NORMAL      ) CheckpointHook                     
(LOW         ) EvalHook                           
(VERY_LOW    ) TextLoggerHook                     
 -------------------- 
before_train_epoch:
(VERY_HIGH   ) StepLrUpdaterHook                  
(LOW         ) IterTimerHook                      
(LOW         ) EvalHook                           
(VERY_LOW    ) TextLoggerHook                     
 -------------------- 
before_train_iter:
(VERY_HIGH   ) StepLrUpdaterHook                  
(LOW         ) IterTimerHook                      
(LOW         ) EvalHook                           
 -------------------- 
after_train_iter:
(ABOVE_NORMAL) OptimizerHook                      
(NORMAL      ) CheckpointHook                     
(LOW         ) IterTimerHook                      
(LOW         ) EvalHook                           
(VERY_LOW    ) TextLoggerHook                     
 -------------------- 
after_train_epoch:
(NORMAL      ) CheckpointHook                     
(LOW         ) EvalHook                           
(VERY_LOW    ) TextLoggerHook                     
 -------------------- 
before_val_epoch:
(LOW         ) IterTimerHook                      
(VERY_LOW    ) TextLoggerHook                     
 -------------------- 
before_val_iter:
(LOW         ) IterTimerHook                      
 -------------------- 
after_val_iter:
(LOW         ) IterTimerHook                      
 -------------------- 
after_val_epoch:
(VERY_LOW    ) TextLoggerHook                     
 -------------------- 
after_run:
(VERY_LOW    ) TextLoggerHook                     
 -------------------- 
2023-02-06 21:08:42,942 - mmcls - INFO - workflow: [('train', 1)], max: 100 epochs
2023-02-06 21:08:42,942 - mmcls - INFO - Checkpoints will be saved to /data/run01/scz0bet/mmclassification/work/resnet18_b32_flower by HardDiskBackend.
2023-02-06 21:08:50,195 - mmcls - INFO - Saving checkpoint at 1 epochs
2023-02-06 21:08:51,618 - mmcls - INFO - Epoch(val) [1][18]	accuracy_top-1: 90.2098
2023-02-06 21:08:57,066 - mmcls - INFO - Saving checkpoint at 2 epochs
2023-02-06 21:08:58,043 - mmcls - INFO - Epoch(val) [2][18]	accuracy_top-1: 91.4336
2023-02-06 21:09:03,472 - mmcls - INFO - Saving checkpoint at 3 epochs
2023-02-06 21:09:04,452 - mmcls - INFO - Epoch(val) [3][18]	accuracy_top-1: 91.6084
2023-02-06 21:09:09,882 - mmcls - INFO - Saving checkpoint at 4 epochs
2023-02-06 21:09:10,865 - mmcls - INFO - Epoch(val) [4][18]	accuracy_top-1: 91.7832
2023-02-06 21:09:16,273 - mmcls - INFO - Saving checkpoint at 5 epochs
2023-02-06 21:09:17,247 - mmcls - INFO - Epoch(val) [5][18]	accuracy_top-1: 91.9580
2023-02-06 21:09:22,626 - mmcls - INFO - Saving checkpoint at 6 epochs
2023-02-06 21:09:23,597 - mmcls - INFO - Epoch(val) [6][18]	accuracy_top-1: 92.1329
2023-02-06 21:09:28,999 - mmcls - INFO - Saving checkpoint at 7 epochs
2023-02-06 21:09:29,966 - mmcls - INFO - Epoch(val) [7][18]	accuracy_top-1: 92.1329
2023-02-06 21:09:35,409 - mmcls - INFO - Saving checkpoint at 8 epochs
2023-02-06 21:09:36,389 - mmcls - INFO - Epoch(val) [8][18]	accuracy_top-1: 92.1329
2023-02-06 21:09:41,833 - mmcls - INFO - Saving checkpoint at 9 epochs
2023-02-06 21:09:42,805 - mmcls - INFO - Epoch(val) [9][18]	accuracy_top-1: 92.4825
2023-02-06 21:09:48,212 - mmcls - INFO - Saving checkpoint at 10 epochs
2023-02-06 21:09:49,177 - mmcls - INFO - Epoch(val) [10][18]	accuracy_top-1: 92.4825
2023-02-06 21:09:54,659 - mmcls - INFO - Saving checkpoint at 11 epochs
2023-02-06 21:09:55,631 - mmcls - INFO - Epoch(val) [11][18]	accuracy_top-1: 91.9580
2023-02-06 21:10:01,011 - mmcls - INFO - Saving checkpoint at 12 epochs
2023-02-06 21:10:01,986 - mmcls - INFO - Epoch(val) [12][18]	accuracy_top-1: 92.6573
2023-02-06 21:10:07,387 - mmcls - INFO - Saving checkpoint at 13 epochs
2023-02-06 21:10:08,352 - mmcls - INFO - Epoch(val) [13][18]	accuracy_top-1: 92.6573
2023-02-06 21:10:13,757 - mmcls - INFO - Saving checkpoint at 14 epochs
2023-02-06 21:10:14,728 - mmcls - INFO - Epoch(val) [14][18]	accuracy_top-1: 92.6573
2023-02-06 21:10:20,134 - mmcls - INFO - Saving checkpoint at 15 epochs
2023-02-06 21:10:21,106 - mmcls - INFO - Epoch(val) [15][18]	accuracy_top-1: 92.6573
2023-02-06 21:10:26,558 - mmcls - INFO - Saving checkpoint at 16 epochs
2023-02-06 21:10:27,530 - mmcls - INFO - Epoch(val) [16][18]	accuracy_top-1: 92.3077
2023-02-06 21:10:32,932 - mmcls - INFO - Saving checkpoint at 17 epochs
2023-02-06 21:10:33,898 - mmcls - INFO - Epoch(val) [17][18]	accuracy_top-1: 92.3077
2023-02-06 21:10:39,297 - mmcls - INFO - Saving checkpoint at 18 epochs
2023-02-06 21:10:40,275 - mmcls - INFO - Epoch(val) [18][18]	accuracy_top-1: 92.4825
2023-02-06 21:10:45,718 - mmcls - INFO - Saving checkpoint at 19 epochs
2023-02-06 21:10:46,710 - mmcls - INFO - Epoch(val) [19][18]	accuracy_top-1: 92.8322
2023-02-06 21:10:52,112 - mmcls - INFO - Saving checkpoint at 20 epochs
2023-02-06 21:10:53,088 - mmcls - INFO - Epoch(val) [20][18]	accuracy_top-1: 93.0070
2023-02-06 21:10:58,562 - mmcls - INFO - Saving checkpoint at 21 epochs
2023-02-06 21:10:59,539 - mmcls - INFO - Epoch(val) [21][18]	accuracy_top-1: 92.8322
2023-02-06 21:11:04,949 - mmcls - INFO - Saving checkpoint at 22 epochs
2023-02-06 21:11:05,921 - mmcls - INFO - Epoch(val) [22][18]	accuracy_top-1: 93.5315
2023-02-06 21:11:11,333 - mmcls - INFO - Saving checkpoint at 23 epochs
2023-02-06 21:11:12,304 - mmcls - INFO - Epoch(val) [23][18]	accuracy_top-1: 92.4825
2023-02-06 21:11:17,738 - mmcls - INFO - Saving checkpoint at 24 epochs
2023-02-06 21:11:18,715 - mmcls - INFO - Epoch(val) [24][18]	accuracy_top-1: 93.0070
2023-02-06 21:11:24,153 - mmcls - INFO - Saving checkpoint at 25 epochs
2023-02-06 21:11:25,136 - mmcls - INFO - Epoch(val) [25][18]	accuracy_top-1: 93.5315
2023-02-06 21:11:30,525 - mmcls - INFO - Saving checkpoint at 26 epochs
2023-02-06 21:11:31,517 - mmcls - INFO - Epoch(val) [26][18]	accuracy_top-1: 93.0070
2023-02-06 21:11:36,954 - mmcls - INFO - Saving checkpoint at 27 epochs
2023-02-06 21:11:37,927 - mmcls - INFO - Epoch(val) [27][18]	accuracy_top-1: 93.1818
2023-02-06 21:11:43,344 - mmcls - INFO - Saving checkpoint at 28 epochs
2023-02-06 21:11:44,318 - mmcls - INFO - Epoch(val) [28][18]	accuracy_top-1: 92.6573
2023-02-06 21:11:49,684 - mmcls - INFO - Saving checkpoint at 29 epochs
2023-02-06 21:11:50,666 - mmcls - INFO - Epoch(val) [29][18]	accuracy_top-1: 93.0070
2023-02-06 21:11:56,069 - mmcls - INFO - Saving checkpoint at 30 epochs
2023-02-06 21:11:57,049 - mmcls - INFO - Epoch(val) [30][18]	accuracy_top-1: 93.1818
2023-02-06 21:12:02,514 - mmcls - INFO - Saving checkpoint at 31 epochs
2023-02-06 21:12:03,491 - mmcls - INFO - Epoch(val) [31][18]	accuracy_top-1: 93.3566
2023-02-06 21:12:08,885 - mmcls - INFO - Saving checkpoint at 32 epochs
2023-02-06 21:12:09,856 - mmcls - INFO - Epoch(val) [32][18]	accuracy_top-1: 93.5315
2023-02-06 21:12:15,317 - mmcls - INFO - Saving checkpoint at 33 epochs
2023-02-06 21:12:16,294 - mmcls - INFO - Epoch(val) [33][18]	accuracy_top-1: 93.3566
2023-02-06 21:12:21,729 - mmcls - INFO - Saving checkpoint at 34 epochs
2023-02-06 21:12:22,705 - mmcls - INFO - Epoch(val) [34][18]	accuracy_top-1: 94.0559
2023-02-06 21:12:28,092 - mmcls - INFO - Saving checkpoint at 35 epochs
2023-02-06 21:12:29,067 - mmcls - INFO - Epoch(val) [35][18]	accuracy_top-1: 93.3566
2023-02-06 21:12:34,447 - mmcls - INFO - Saving checkpoint at 36 epochs
2023-02-06 21:12:35,421 - mmcls - INFO - Epoch(val) [36][18]	accuracy_top-1: 93.3566
2023-02-06 21:12:40,865 - mmcls - INFO - Saving checkpoint at 37 epochs
2023-02-06 21:12:41,840 - mmcls - INFO - Epoch(val) [37][18]	accuracy_top-1: 93.5315
2023-02-06 21:12:47,351 - mmcls - INFO - Saving checkpoint at 38 epochs
2023-02-06 21:12:48,337 - mmcls - INFO - Epoch(val) [38][18]	accuracy_top-1: 93.3566
2023-02-06 21:12:53,751 - mmcls - INFO - Saving checkpoint at 39 epochs
2023-02-06 21:12:54,726 - mmcls - INFO - Epoch(val) [39][18]	accuracy_top-1: 93.0070
2023-02-06 21:13:00,159 - mmcls - INFO - Saving checkpoint at 40 epochs
2023-02-06 21:13:01,134 - mmcls - INFO - Epoch(val) [40][18]	accuracy_top-1: 93.5315
2023-02-06 21:13:06,626 - mmcls - INFO - Saving checkpoint at 41 epochs
2023-02-06 21:13:07,613 - mmcls - INFO - Epoch(val) [41][18]	accuracy_top-1: 93.1818
2023-02-06 21:13:13,043 - mmcls - INFO - Saving checkpoint at 42 epochs
2023-02-06 21:13:14,023 - mmcls - INFO - Epoch(val) [42][18]	accuracy_top-1: 93.3566
2023-02-06 21:13:19,469 - mmcls - INFO - Saving checkpoint at 43 epochs
2023-02-06 21:13:20,460 - mmcls - INFO - Epoch(val) [43][18]	accuracy_top-1: 93.3566
2023-02-06 21:13:25,912 - mmcls - INFO - Saving checkpoint at 44 epochs
2023-02-06 21:13:26,897 - mmcls - INFO - Epoch(val) [44][18]	accuracy_top-1: 93.0070
2023-02-06 21:13:32,303 - mmcls - INFO - Saving checkpoint at 45 epochs
2023-02-06 21:13:33,278 - mmcls - INFO - Epoch(val) [45][18]	accuracy_top-1: 94.0559
2023-02-06 21:13:38,718 - mmcls - INFO - Saving checkpoint at 46 epochs
2023-02-06 21:13:39,694 - mmcls - INFO - Epoch(val) [46][18]	accuracy_top-1: 92.8322
2023-02-06 21:13:45,131 - mmcls - INFO - Saving checkpoint at 47 epochs
2023-02-06 21:13:46,110 - mmcls - INFO - Epoch(val) [47][18]	accuracy_top-1: 93.1818
2023-02-06 21:13:51,600 - mmcls - INFO - Saving checkpoint at 48 epochs
2023-02-06 21:13:52,587 - mmcls - INFO - Epoch(val) [48][18]	accuracy_top-1: 92.8322
2023-02-06 21:13:58,021 - mmcls - INFO - Saving checkpoint at 49 epochs
2023-02-06 21:13:59,000 - mmcls - INFO - Epoch(val) [49][18]	accuracy_top-1: 93.3566
2023-02-06 21:14:04,447 - mmcls - INFO - Saving checkpoint at 50 epochs
2023-02-06 21:14:05,422 - mmcls - INFO - Epoch(val) [50][18]	accuracy_top-1: 93.8811
2023-02-06 21:14:10,880 - mmcls - INFO - Saving checkpoint at 51 epochs
2023-02-06 21:14:11,858 - mmcls - INFO - Epoch(val) [51][18]	accuracy_top-1: 92.8322
2023-02-06 21:14:17,285 - mmcls - INFO - Saving checkpoint at 52 epochs
2023-02-06 21:14:18,259 - mmcls - INFO - Epoch(val) [52][18]	accuracy_top-1: 94.4056
2023-02-06 21:14:23,695 - mmcls - INFO - Saving checkpoint at 53 epochs
2023-02-06 21:14:24,661 - mmcls - INFO - Epoch(val) [53][18]	accuracy_top-1: 93.8811
2023-02-06 21:14:30,084 - mmcls - INFO - Saving checkpoint at 54 epochs
2023-02-06 21:14:31,061 - mmcls - INFO - Epoch(val) [54][18]	accuracy_top-1: 93.8811
2023-02-06 21:14:36,534 - mmcls - INFO - Saving checkpoint at 55 epochs
2023-02-06 21:14:37,508 - mmcls - INFO - Epoch(val) [55][18]	accuracy_top-1: 93.8811
2023-02-06 21:14:42,918 - mmcls - INFO - Saving checkpoint at 56 epochs
2023-02-06 21:14:43,887 - mmcls - INFO - Epoch(val) [56][18]	accuracy_top-1: 93.7063
2023-02-06 21:14:49,298 - mmcls - INFO - Saving checkpoint at 57 epochs
2023-02-06 21:14:50,272 - mmcls - INFO - Epoch(val) [57][18]	accuracy_top-1: 94.4056
2023-02-06 21:14:55,716 - mmcls - INFO - Saving checkpoint at 58 epochs
2023-02-06 21:14:56,698 - mmcls - INFO - Epoch(val) [58][18]	accuracy_top-1: 93.5315
2023-02-06 21:15:02,154 - mmcls - INFO - Saving checkpoint at 59 epochs
2023-02-06 21:15:03,132 - mmcls - INFO - Epoch(val) [59][18]	accuracy_top-1: 93.8811
2023-02-06 21:15:08,551 - mmcls - INFO - Saving checkpoint at 60 epochs
2023-02-06 21:15:09,533 - mmcls - INFO - Epoch(val) [60][18]	accuracy_top-1: 93.8811
2023-02-06 21:15:14,948 - mmcls - INFO - Saving checkpoint at 61 epochs
2023-02-06 21:15:15,917 - mmcls - INFO - Epoch(val) [61][18]	accuracy_top-1: 94.2308
2023-02-06 21:15:21,309 - mmcls - INFO - Saving checkpoint at 62 epochs
2023-02-06 21:15:22,283 - mmcls - INFO - Epoch(val) [62][18]	accuracy_top-1: 94.4056
2023-02-06 21:15:27,679 - mmcls - INFO - Saving checkpoint at 63 epochs
2023-02-06 21:15:28,645 - mmcls - INFO - Epoch(val) [63][18]	accuracy_top-1: 94.2308
2023-02-06 21:15:34,105 - mmcls - INFO - Saving checkpoint at 64 epochs
2023-02-06 21:15:35,083 - mmcls - INFO - Epoch(val) [64][18]	accuracy_top-1: 94.4056
2023-02-06 21:15:40,529 - mmcls - INFO - Saving checkpoint at 65 epochs
2023-02-06 21:15:41,515 - mmcls - INFO - Epoch(val) [65][18]	accuracy_top-1: 94.7552
2023-02-06 21:15:46,919 - mmcls - INFO - Saving checkpoint at 66 epochs
2023-02-06 21:15:47,913 - mmcls - INFO - Epoch(val) [66][18]	accuracy_top-1: 93.7063
2023-02-06 21:15:53,354 - mmcls - INFO - Saving checkpoint at 67 epochs
2023-02-06 21:15:54,335 - mmcls - INFO - Epoch(val) [67][18]	accuracy_top-1: 94.4056
2023-02-06 21:15:59,779 - mmcls - INFO - Saving checkpoint at 68 epochs
2023-02-06 21:16:00,747 - mmcls - INFO - Epoch(val) [68][18]	accuracy_top-1: 93.7063
2023-02-06 21:16:06,237 - mmcls - INFO - Saving checkpoint at 69 epochs
2023-02-06 21:16:07,209 - mmcls - INFO - Epoch(val) [69][18]	accuracy_top-1: 93.8811
2023-02-06 21:16:12,681 - mmcls - INFO - Saving checkpoint at 70 epochs
2023-02-06 21:16:13,659 - mmcls - INFO - Epoch(val) [70][18]	accuracy_top-1: 94.0559
2023-02-06 21:16:19,096 - mmcls - INFO - Saving checkpoint at 71 epochs
2023-02-06 21:16:20,085 - mmcls - INFO - Epoch(val) [71][18]	accuracy_top-1: 94.0559
2023-02-06 21:16:25,506 - mmcls - INFO - Saving checkpoint at 72 epochs
2023-02-06 21:16:26,490 - mmcls - INFO - Epoch(val) [72][18]	accuracy_top-1: 94.2308
2023-02-06 21:16:31,938 - mmcls - INFO - Saving checkpoint at 73 epochs
2023-02-06 21:16:32,912 - mmcls - INFO - Epoch(val) [73][18]	accuracy_top-1: 93.5315
2023-02-06 21:16:38,334 - mmcls - INFO - Saving checkpoint at 74 epochs
2023-02-06 21:16:39,307 - mmcls - INFO - Epoch(val) [74][18]	accuracy_top-1: 94.2308
2023-02-06 21:16:44,756 - mmcls - INFO - Saving checkpoint at 75 epochs
2023-02-06 21:16:45,735 - mmcls - INFO - Epoch(val) [75][18]	accuracy_top-1: 94.0559
2023-02-06 21:16:51,151 - mmcls - INFO - Saving checkpoint at 76 epochs
2023-02-06 21:16:52,132 - mmcls - INFO - Epoch(val) [76][18]	accuracy_top-1: 94.4056
2023-02-06 21:16:57,584 - mmcls - INFO - Saving checkpoint at 77 epochs
2023-02-06 21:16:58,558 - mmcls - INFO - Epoch(val) [77][18]	accuracy_top-1: 94.0559
2023-02-06 21:17:03,971 - mmcls - INFO - Saving checkpoint at 78 epochs
2023-02-06 21:17:04,956 - mmcls - INFO - Epoch(val) [78][18]	accuracy_top-1: 94.0559
2023-02-06 21:17:10,409 - mmcls - INFO - Saving checkpoint at 79 epochs
2023-02-06 21:17:11,387 - mmcls - INFO - Epoch(val) [79][18]	accuracy_top-1: 94.2308
2023-02-06 21:17:16,855 - mmcls - INFO - Saving checkpoint at 80 epochs
2023-02-06 21:17:17,826 - mmcls - INFO - Epoch(val) [80][18]	accuracy_top-1: 93.8811
2023-02-06 21:17:23,257 - mmcls - INFO - Saving checkpoint at 81 epochs
2023-02-06 21:17:24,233 - mmcls - INFO - Epoch(val) [81][18]	accuracy_top-1: 94.7552
2023-02-06 21:17:29,694 - mmcls - INFO - Saving checkpoint at 82 epochs
2023-02-06 21:17:30,665 - mmcls - INFO - Epoch(val) [82][18]	accuracy_top-1: 93.5315
2023-02-06 21:17:36,109 - mmcls - INFO - Saving checkpoint at 83 epochs
2023-02-06 21:17:37,088 - mmcls - INFO - Epoch(val) [83][18]	accuracy_top-1: 93.8811
2023-02-06 21:17:42,533 - mmcls - INFO - Saving checkpoint at 84 epochs
2023-02-06 21:17:43,503 - mmcls - INFO - Epoch(val) [84][18]	accuracy_top-1: 93.7063
2023-02-06 21:17:48,924 - mmcls - INFO - Saving checkpoint at 85 epochs
2023-02-06 21:17:49,898 - mmcls - INFO - Epoch(val) [85][18]	accuracy_top-1: 93.5315
2023-02-06 21:17:55,295 - mmcls - INFO - Saving checkpoint at 86 epochs
2023-02-06 21:17:56,276 - mmcls - INFO - Epoch(val) [86][18]	accuracy_top-1: 94.7552
2023-02-06 21:18:01,704 - mmcls - INFO - Saving checkpoint at 87 epochs
2023-02-06 21:18:02,687 - mmcls - INFO - Epoch(val) [87][18]	accuracy_top-1: 94.9301
2023-02-06 21:18:08,147 - mmcls - INFO - Saving checkpoint at 88 epochs
2023-02-06 21:18:09,168 - mmcls - INFO - Epoch(val) [88][18]	accuracy_top-1: 95.1049
2023-02-06 21:18:14,588 - mmcls - INFO - Saving checkpoint at 89 epochs
2023-02-06 21:18:15,567 - mmcls - INFO - Epoch(val) [89][18]	accuracy_top-1: 94.7552
2023-02-06 21:18:20,954 - mmcls - INFO - Saving checkpoint at 90 epochs
2023-02-06 21:18:21,925 - mmcls - INFO - Epoch(val) [90][18]	accuracy_top-1: 94.2308
2023-02-06 21:18:27,365 - mmcls - INFO - Saving checkpoint at 91 epochs
2023-02-06 21:18:28,339 - mmcls - INFO - Epoch(val) [91][18]	accuracy_top-1: 94.0559
2023-02-06 21:18:33,762 - mmcls - INFO - Saving checkpoint at 92 epochs
2023-02-06 21:18:34,735 - mmcls - INFO - Epoch(val) [92][18]	accuracy_top-1: 94.9301
2023-02-06 21:18:40,131 - mmcls - INFO - Saving checkpoint at 93 epochs
2023-02-06 21:18:41,115 - mmcls - INFO - Epoch(val) [93][18]	accuracy_top-1: 94.7552
2023-02-06 21:18:46,536 - mmcls - INFO - Saving checkpoint at 94 epochs
2023-02-06 21:18:47,508 - mmcls - INFO - Epoch(val) [94][18]	accuracy_top-1: 94.9301
2023-02-06 21:18:52,914 - mmcls - INFO - Saving checkpoint at 95 epochs
2023-02-06 21:18:53,893 - mmcls - INFO - Epoch(val) [95][18]	accuracy_top-1: 94.5804
2023-02-06 21:18:59,341 - mmcls - INFO - Saving checkpoint at 96 epochs
2023-02-06 21:19:00,321 - mmcls - INFO - Epoch(val) [96][18]	accuracy_top-1: 94.0559
2023-02-06 21:19:05,760 - mmcls - INFO - Saving checkpoint at 97 epochs
2023-02-06 21:19:06,735 - mmcls - INFO - Epoch(val) [97][18]	accuracy_top-1: 93.8811
2023-02-06 21:19:12,123 - mmcls - INFO - Saving checkpoint at 98 epochs
2023-02-06 21:19:13,090 - mmcls - INFO - Epoch(val) [98][18]	accuracy_top-1: 94.7552
2023-02-06 21:19:18,477 - mmcls - INFO - Saving checkpoint at 99 epochs
2023-02-06 21:19:19,445 - mmcls - INFO - Epoch(val) [99][18]	accuracy_top-1: 94.5804
2023-02-06 21:19:24,924 - mmcls - INFO - Saving checkpoint at 100 epochs
2023-02-06 21:19:25,918 - mmcls - INFO - Epoch(val) [100][18]	accuracy_top-1: 94.5804
