2023/02/11 23:56:46 - mmengine - INFO - 
------------------------------------------------------------
System environment:
    sys.platform: linux
    Python: 3.8.16 (default, Jan 17 2023, 23:13:24) [GCC 11.2.0]
    CUDA available: True
    numpy_random_seed: 0
    GPU 0: NVIDIA GeForce RTX 3090
    CUDA_HOME: /data/apps/cuda/11.6
    NVCC: Cuda compilation tools, release 11.6, V11.6.112
    GCC: gcc (GCC) 9.3.0
    PyTorch: 1.13.1
    PyTorch compiling details: PyTorch built with:
  - GCC 9.3
  - C++ Version: 201402
  - Intel(R) oneAPI Math Kernel Library Version 2021.4-Product Build 20210904 for Intel(R) 64 architecture applications
  - Intel(R) MKL-DNN v2.6.0 (Git Hash 52b5f107dd9cf10910aaa19cb47f3abf9b349815)
  - OpenMP 201511 (a.k.a. OpenMP 4.5)
  - LAPACK is enabled (usually provided by MKL)
  - NNPACK is enabled
  - CPU capability usage: AVX2
  - CUDA Runtime 11.6
  - NVCC architecture flags: -gencode;arch=compute_37,code=sm_37;-gencode;arch=compute_50,code=sm_50;-gencode;arch=compute_60,code=sm_60;-gencode;arch=compute_61,code=sm_61;-gencode;arch=compute_70,code=sm_70;-gencode;arch=compute_75,code=sm_75;-gencode;arch=compute_80,code=sm_80;-gencode;arch=compute_86,code=sm_86;-gencode;arch=compute_37,code=compute_37
  - CuDNN 8.3.2  (built against CUDA 11.5)
  - Magma 2.6.1
  - Build settings: BLAS_INFO=mkl, BUILD_TYPE=Release, CUDA_VERSION=11.6, CUDNN_VERSION=8.3.2, CXX_COMPILER=/opt/rh/devtoolset-9/root/usr/bin/c++, CXX_FLAGS= -fabi-version=11 -Wno-deprecated -fvisibility-inlines-hidden -DUSE_PTHREADPOOL -fopenmp -DNDEBUG -DUSE_KINETO -DUSE_FBGEMM -DUSE_QNNPACK -DUSE_PYTORCH_QNNPACK -DUSE_XNNPACK -DSYMBOLICATE_MOBILE_DEBUG_HANDLE -DEDGE_PROFILER_USE_KINETO -O2 -fPIC -Wno-narrowing -Wall -Wextra -Werror=return-type -Werror=non-virtual-dtor -Wno-missing-field-initializers -Wno-type-limits -Wno-array-bounds -Wno-unknown-pragmas -Wunused-local-typedefs -Wno-unused-parameter -Wno-unused-function -Wno-unused-result -Wno-strict-overflow -Wno-strict-aliasing -Wno-error=deprecated-declarations -Wno-stringop-overflow -Wno-psabi -Wno-error=pedantic -Wno-error=redundant-decls -Wno-error=old-style-cast -fdiagnostics-color=always -faligned-new -Wno-unused-but-set-variable -Wno-maybe-uninitialized -fno-math-errno -fno-trapping-math -Werror=format -Werror=cast-function-type -Wno-stringop-overflow, LAPACK_INFO=mkl, PERF_WITH_AVX=1, PERF_WITH_AVX2=1, PERF_WITH_AVX512=1, TORCH_VERSION=1.13.1, USE_CUDA=ON, USE_CUDNN=ON, USE_EXCEPTION_PTR=1, USE_GFLAGS=OFF, USE_GLOG=OFF, USE_MKL=ON, USE_MKLDNN=ON, USE_MPI=OFF, USE_NCCL=ON, USE_NNPACK=ON, USE_OPENMP=ON, USE_ROCM=OFF, 

    TorchVision: 0.14.1
    OpenCV: 4.7.0
    MMEngine: 0.5.0

Runtime environment:
    cudnn_benchmark: True
    mp_cfg: {'mp_start_method': 'fork', 'opencv_num_threads': 0}
    dist_cfg: {'backend': 'nccl'}
    seed: 0
    Distributed launcher: none
    Distributed training: False
    GPU number: 1
------------------------------------------------------------

2023/02/11 23:56:47 - mmengine - INFO - Config:
norm_cfg = dict(type='BN', requires_grad=True)
data_preprocessor = dict(
    type='SegDataPreProcessor',
    mean=[123.675, 116.28, 103.53],
    std=[58.395, 57.12, 57.375],
    bgr_to_rgb=True,
    pad_val=0,
    seg_pad_val=255)
model = dict(
    type='EncoderDecoder',
    data_preprocessor=dict(
        type='SegDataPreProcessor',
        mean=[123.675, 116.28, 103.53],
        std=[58.395, 57.12, 57.375],
        bgr_to_rgb=True,
        pad_val=0,
        seg_pad_val=255,
        size=(256, 256)),
    pretrained='open-mmlab://resnet50_v1c',
    backbone=dict(
        type='ResNetV1c',
        depth=50,
        num_stages=4,
        out_indices=(0, 1, 2, 3),
        dilations=(1, 1, 2, 4),
        strides=(1, 2, 1, 1),
        norm_cfg=dict(type='BN', requires_grad=True),
        norm_eval=False,
        style='pytorch',
        contract_dilation=True),
    decode_head=dict(
        type='PSPHead',
        in_channels=2048,
        in_index=3,
        channels=512,
        pool_scales=(1, 2, 3, 6),
        dropout_ratio=0.1,
        num_classes=2,
        norm_cfg=dict(type='BN', requires_grad=True),
        align_corners=False,
        loss_decode=dict(
            type='CrossEntropyLoss', use_sigmoid=False, loss_weight=1.0)),
    auxiliary_head=dict(
        type='FCNHead',
        in_channels=1024,
        in_index=2,
        channels=256,
        num_convs=1,
        concat_input=False,
        dropout_ratio=0.1,
        num_classes=2,
        norm_cfg=dict(type='BN', requires_grad=True),
        align_corners=False,
        loss_decode=dict(
            type='CrossEntropyLoss', use_sigmoid=False, loss_weight=0.4)),
    train_cfg=dict(),
    test_cfg=dict(mode='whole'))
dataset_type = 'StanfordBackgroundDataset'
data_root = '/HOME/scz0bet/run/mmsegmentation/data/Glomeruli-dataset'
crop_size = (256, 256)
train_pipeline = [
    dict(type='LoadImageFromFile'),
    dict(type='LoadAnnotations'),
    dict(
        type='RandomResize',
        scale=(320, 240),
        ratio_range=(0.5, 2.0),
        keep_ratio=True),
    dict(type='RandomCrop', crop_size=(256, 256), cat_max_ratio=0.75),
    dict(type='RandomFlip', prob=0.5),
    dict(type='PackSegInputs')
]
test_pipeline = [
    dict(type='LoadImageFromFile'),
    dict(type='Resize', scale=(320, 240), keep_ratio=True),
    dict(type='LoadAnnotations'),
    dict(type='PackSegInputs')
]
img_ratios = [0.5, 0.75, 1.0, 1.25, 1.5, 1.75]
tta_pipeline = [
    dict(type='LoadImageFromFile', backend_args=dict(backend='local')),
    dict(
        type='TestTimeAug',
        transforms=[[{
            'type': 'Resize',
            'scale_factor': 0.5,
            'keep_ratio': True
        }, {
            'type': 'Resize',
            'scale_factor': 0.75,
            'keep_ratio': True
        }, {
            'type': 'Resize',
            'scale_factor': 1.0,
            'keep_ratio': True
        }, {
            'type': 'Resize',
            'scale_factor': 1.25,
            'keep_ratio': True
        }, {
            'type': 'Resize',
            'scale_factor': 1.5,
            'keep_ratio': True
        }, {
            'type': 'Resize',
            'scale_factor': 1.75,
            'keep_ratio': True
        }],
                    [{
                        'type': 'RandomFlip',
                        'prob': 0.0,
                        'direction': 'horizontal'
                    }, {
                        'type': 'RandomFlip',
                        'prob': 1.0,
                        'direction': 'horizontal'
                    }], [{
                        'type': 'LoadAnnotations'
                    }], [{
                        'type': 'PackSegInputs'
                    }]])
]
train_dataloader = dict(
    batch_size=8,
    num_workers=2,
    persistent_workers=True,
    sampler=dict(type='InfiniteSampler', shuffle=True),
    dataset=dict(
        type='StanfordBackgroundDataset',
        data_root='/HOME/scz0bet/run/mmsegmentation/data/Glomeruli-dataset',
        data_prefix=dict(
            img_path=
            '/HOME/scz0bet/run/mmsegmentation/data/Glomeruli-dataset/images',
            seg_map_path=
            '/HOME/scz0bet/run/mmsegmentation/data/Glomeruli-dataset/masks'),
        pipeline=[
            dict(type='LoadImageFromFile'),
            dict(type='LoadAnnotations'),
            dict(
                type='RandomResize',
                scale=(320, 240),
                ratio_range=(0.5, 2.0),
                keep_ratio=True),
            dict(type='RandomCrop', crop_size=(256, 256), cat_max_ratio=0.75),
            dict(type='RandomFlip', prob=0.5),
            dict(type='PackSegInputs')
        ],
        ann_file=
        '/HOME/scz0bet/run/mmsegmentation/data/Glomeruli-dataset/splits/train.txt'
    ))
val_dataloader = dict(
    batch_size=1,
    num_workers=4,
    persistent_workers=True,
    sampler=dict(type='DefaultSampler', shuffle=False),
    dataset=dict(
        type='StanfordBackgroundDataset',
        data_root='/HOME/scz0bet/run/mmsegmentation/data/Glomeruli-dataset',
        data_prefix=dict(
            img_path=
            '/HOME/scz0bet/run/mmsegmentation/data/Glomeruli-dataset/images',
            seg_map_path=
            '/HOME/scz0bet/run/mmsegmentation/data/Glomeruli-dataset/masks'),
        pipeline=[
            dict(type='LoadImageFromFile'),
            dict(type='Resize', scale=(320, 240), keep_ratio=True),
            dict(type='LoadAnnotations'),
            dict(type='PackSegInputs')
        ],
        ann_file=
        '/HOME/scz0bet/run/mmsegmentation/data/Glomeruli-dataset/splits/val.txt'
    ))
test_dataloader = dict(
    batch_size=1,
    num_workers=4,
    persistent_workers=True,
    sampler=dict(type='DefaultSampler', shuffle=False),
    dataset=dict(
        type='StanfordBackgroundDataset',
        data_root='/HOME/scz0bet/run/mmsegmentation/data/Glomeruli-dataset',
        data_prefix=dict(
            img_path=
            '/HOME/scz0bet/run/mmsegmentation/data/Glomeruli-dataset/images',
            seg_map_path=
            '/HOME/scz0bet/run/mmsegmentation/data/Glomeruli-dataset/masks'),
        pipeline=[
            dict(type='LoadImageFromFile'),
            dict(type='Resize', scale=(320, 240), keep_ratio=True),
            dict(type='LoadAnnotations'),
            dict(type='PackSegInputs')
        ],
        ann_file=
        '/HOME/scz0bet/run/mmsegmentation/data/Glomeruli-dataset/splits/val.txt'
    ))
val_evaluator = dict(type='IoUMetric', iou_metrics=['mIoU'])
test_evaluator = dict(type='IoUMetric', iou_metrics=['mIoU'])
default_scope = 'mmseg'
env_cfg = dict(
    cudnn_benchmark=True,
    mp_cfg=dict(mp_start_method='fork', opencv_num_threads=0),
    dist_cfg=dict(backend='nccl'))
vis_backends = [dict(type='LocalVisBackend')]
visualizer = dict(
    type='SegLocalVisualizer',
    vis_backends=[dict(type='LocalVisBackend')],
    name='visualizer')
log_processor = dict(by_epoch=False)
log_level = 'INFO'
load_from = '/HOME/scz0bet/run/mmsegmentation/checkpoints/pspnet_r50-d8_512x1024_40k_cityscapes_20200605_003338-2966598c.pth'
resume = False
tta_model = dict(type='SegTTAModel')
optimizer = dict(type='SGD', lr=0.001, momentum=0.9, weight_decay=0.0005)
optim_wrapper = dict(
    type='OptimWrapper',
    optimizer=dict(type='SGD', lr=0.01, momentum=0.9, weight_decay=0.0005),
    clip_grad=None)
param_scheduler = [
    dict(
        type='PolyLR',
        eta_min=0.0001,
        power=0.9,
        begin=0,
        end=40000,
        by_epoch=False)
]
train_cfg = dict(type='IterBasedTrainLoop', max_iters=1600, val_interval=400)
val_cfg = dict(type='ValLoop')
test_cfg = dict(type='TestLoop')
default_hooks = dict(
    timer=dict(type='IterTimerHook'),
    logger=dict(type='LoggerHook', interval=100, log_metric_by_epoch=False),
    param_scheduler=dict(type='ParamSchedulerHook'),
    checkpoint=dict(type='CheckpointHook', by_epoch=False, interval=400),
    sampler_seed=dict(type='DistSamplerSeedHook'),
    visualization=dict(type='SegVisualizationHook'))
img_dir = '/HOME/scz0bet/run/mmsegmentation/data/Glomeruli-dataset/images'
ann_dir = '/HOME/scz0bet/run/mmsegmentation/data/Glomeruli-dataset/masks'
randomness = dict(seed=0)
launcher = 'none'
work_dir = 'work/pspnet_r50_Glomeruli'

2023/02/11 23:56:47 - mmengine - WARNING - The "visualizer" registry in mmseg did not set import location. Fallback to call `mmseg.utils.register_all_modules` instead.
2023/02/11 23:56:47 - mmengine - WARNING - The "vis_backend" registry in mmseg did not set import location. Fallback to call `mmseg.utils.register_all_modules` instead.
2023/02/11 23:56:48 - mmengine - WARNING - The "model" registry in mmseg did not set import location. Fallback to call `mmseg.utils.register_all_modules` instead.
2023/02/11 23:56:50 - mmengine - INFO - Distributed training is not used, all SyncBatchNorm (SyncBN) layers in the model will be automatically reverted to BatchNormXd layers if they are used.
2023/02/11 23:56:50 - mmengine - WARNING - The "hook" registry in mmseg did not set import location. Fallback to call `mmseg.utils.register_all_modules` instead.
2023/02/11 23:56:50 - mmengine - INFO - Hooks will be executed in the following order:
before_run:
(VERY_HIGH   ) RuntimeInfoHook                    
(BELOW_NORMAL) LoggerHook                         
 -------------------- 
before_train:
(VERY_HIGH   ) RuntimeInfoHook                    
(NORMAL      ) IterTimerHook                      
(VERY_LOW    ) CheckpointHook                     
 -------------------- 
before_train_epoch:
(VERY_HIGH   ) RuntimeInfoHook                    
(NORMAL      ) IterTimerHook                      
(NORMAL      ) DistSamplerSeedHook                
 -------------------- 
before_train_iter:
(VERY_HIGH   ) RuntimeInfoHook                    
(NORMAL      ) IterTimerHook                      
 -------------------- 
after_train_iter:
(VERY_HIGH   ) RuntimeInfoHook                    
(NORMAL      ) IterTimerHook                      
(NORMAL      ) SegVisualizationHook               
(BELOW_NORMAL) LoggerHook                         
(LOW         ) ParamSchedulerHook                 
(VERY_LOW    ) CheckpointHook                     
 -------------------- 
after_train_epoch:
(NORMAL      ) IterTimerHook                      
(LOW         ) ParamSchedulerHook                 
(VERY_LOW    ) CheckpointHook                     
 -------------------- 
before_val_epoch:
(NORMAL      ) IterTimerHook                      
 -------------------- 
before_val_iter:
(NORMAL      ) IterTimerHook                      
 -------------------- 
after_val_iter:
(NORMAL      ) IterTimerHook                      
(NORMAL      ) SegVisualizationHook               
(BELOW_NORMAL) LoggerHook                         
 -------------------- 
after_val_epoch:
(VERY_HIGH   ) RuntimeInfoHook                    
(NORMAL      ) IterTimerHook                      
(BELOW_NORMAL) LoggerHook                         
(LOW         ) ParamSchedulerHook                 
(VERY_LOW    ) CheckpointHook                     
 -------------------- 
before_test_epoch:
(NORMAL      ) IterTimerHook                      
 -------------------- 
before_test_iter:
(NORMAL      ) IterTimerHook                      
 -------------------- 
after_test_iter:
(NORMAL      ) IterTimerHook                      
(NORMAL      ) SegVisualizationHook               
(BELOW_NORMAL) LoggerHook                         
 -------------------- 
after_test_epoch:
(VERY_HIGH   ) RuntimeInfoHook                    
(NORMAL      ) IterTimerHook                      
(BELOW_NORMAL) LoggerHook                         
 -------------------- 
after_run:
(BELOW_NORMAL) LoggerHook                         
 -------------------- 
2023/02/11 23:56:51 - mmengine - WARNING - The "loop" registry in mmseg did not set import location. Fallback to call `mmseg.utils.register_all_modules` instead.
2023/02/11 23:56:51 - mmengine - WARNING - The "dataset" registry in mmseg did not set import location. Fallback to call `mmseg.utils.register_all_modules` instead.
2023/02/11 23:56:51 - mmengine - WARNING - The "transform" registry in mmseg did not set import location. Fallback to call `mmseg.utils.register_all_modules` instead.
2023/02/11 23:56:51 - mmengine - WARNING - The "data sampler" registry in mmseg did not set import location. Fallback to call `mmseg.utils.register_all_modules` instead.
2023/02/11 23:56:51 - mmengine - WARNING - The "optimizer wrapper constructor" registry in mmseg did not set import location. Fallback to call `mmseg.utils.register_all_modules` instead.
2023/02/11 23:56:51 - mmengine - WARNING - The "optimizer" registry in mmseg did not set import location. Fallback to call `mmseg.utils.register_all_modules` instead.
2023/02/11 23:56:51 - mmengine - WARNING - The "optim_wrapper" registry in mmseg did not set import location. Fallback to call `mmseg.utils.register_all_modules` instead.
2023/02/11 23:56:51 - mmengine - WARNING - The "parameter scheduler" registry in mmseg did not set import location. Fallback to call `mmseg.utils.register_all_modules` instead.
2023/02/11 23:56:52 - mmengine - WARNING - The "metric" registry in mmseg did not set import location. Fallback to call `mmseg.utils.register_all_modules` instead.
2023/02/11 23:56:53 - mmengine - WARNING - The "weight initializer" registry in mmseg did not set import location. Fallback to call `mmseg.utils.register_all_modules` instead.
2023/02/11 23:56:53 - mmengine - INFO - load model from: open-mmlab://resnet50_v1c
2023/02/11 23:56:53 - mmengine - INFO - Loads checkpoint by openmmlab backend from path: open-mmlab://resnet50_v1c
2023/02/11 23:56:53 - mmengine - WARNING - The model and loaded state dict do not match exactly

unexpected key in source state_dict: fc.weight, fc.bias

Name of parameter - Initialization information

backbone.stem.0.weight - torch.Size([32, 3, 3, 3]): 
PretrainedInit: load from open-mmlab://resnet50_v1c 

backbone.stem.1.weight - torch.Size([32]): 
PretrainedInit: load from open-mmlab://resnet50_v1c 

backbone.stem.1.bias - torch.Size([32]): 
PretrainedInit: load from open-mmlab://resnet50_v1c 

backbone.stem.3.weight - torch.Size([32, 32, 3, 3]): 
PretrainedInit: load from open-mmlab://resnet50_v1c 

backbone.stem.4.weight - torch.Size([32]): 
PretrainedInit: load from open-mmlab://resnet50_v1c 

backbone.stem.4.bias - torch.Size([32]): 
PretrainedInit: load from open-mmlab://resnet50_v1c 

backbone.stem.6.weight - torch.Size([64, 32, 3, 3]): 
PretrainedInit: load from open-mmlab://resnet50_v1c 

backbone.stem.7.weight - torch.Size([64]): 
PretrainedInit: load from open-mmlab://resnet50_v1c 

backbone.stem.7.bias - torch.Size([64]): 
PretrainedInit: load from open-mmlab://resnet50_v1c 

backbone.layer1.0.conv1.weight - torch.Size([64, 64, 1, 1]): 
PretrainedInit: load from open-mmlab://resnet50_v1c 

backbone.layer1.0.bn1.weight - torch.Size([64]): 
PretrainedInit: load from open-mmlab://resnet50_v1c 

backbone.layer1.0.bn1.bias - torch.Size([64]): 
PretrainedInit: load from open-mmlab://resnet50_v1c 

backbone.layer1.0.conv2.weight - torch.Size([64, 64, 3, 3]): 
PretrainedInit: load from open-mmlab://resnet50_v1c 

backbone.layer1.0.bn2.weight - torch.Size([64]): 
PretrainedInit: load from open-mmlab://resnet50_v1c 

backbone.layer1.0.bn2.bias - torch.Size([64]): 
PretrainedInit: load from open-mmlab://resnet50_v1c 

backbone.layer1.0.conv3.weight - torch.Size([256, 64, 1, 1]): 
PretrainedInit: load from open-mmlab://resnet50_v1c 

backbone.layer1.0.bn3.weight - torch.Size([256]): 
PretrainedInit: load from open-mmlab://resnet50_v1c 

backbone.layer1.0.bn3.bias - torch.Size([256]): 
PretrainedInit: load from open-mmlab://resnet50_v1c 

backbone.layer1.0.downsample.0.weight - torch.Size([256, 64, 1, 1]): 
PretrainedInit: load from open-mmlab://resnet50_v1c 

backbone.layer1.0.downsample.1.weight - torch.Size([256]): 
PretrainedInit: load from open-mmlab://resnet50_v1c 

backbone.layer1.0.downsample.1.bias - torch.Size([256]): 
PretrainedInit: load from open-mmlab://resnet50_v1c 

backbone.layer1.1.conv1.weight - torch.Size([64, 256, 1, 1]): 
PretrainedInit: load from open-mmlab://resnet50_v1c 

backbone.layer1.1.bn1.weight - torch.Size([64]): 
PretrainedInit: load from open-mmlab://resnet50_v1c 

backbone.layer1.1.bn1.bias - torch.Size([64]): 
PretrainedInit: load from open-mmlab://resnet50_v1c 

backbone.layer1.1.conv2.weight - torch.Size([64, 64, 3, 3]): 
PretrainedInit: load from open-mmlab://resnet50_v1c 

backbone.layer1.1.bn2.weight - torch.Size([64]): 
PretrainedInit: load from open-mmlab://resnet50_v1c 

backbone.layer1.1.bn2.bias - torch.Size([64]): 
PretrainedInit: load from open-mmlab://resnet50_v1c 

backbone.layer1.1.conv3.weight - torch.Size([256, 64, 1, 1]): 
PretrainedInit: load from open-mmlab://resnet50_v1c 

backbone.layer1.1.bn3.weight - torch.Size([256]): 
PretrainedInit: load from open-mmlab://resnet50_v1c 

backbone.layer1.1.bn3.bias - torch.Size([256]): 
PretrainedInit: load from open-mmlab://resnet50_v1c 

backbone.layer1.2.conv1.weight - torch.Size([64, 256, 1, 1]): 
PretrainedInit: load from open-mmlab://resnet50_v1c 

backbone.layer1.2.bn1.weight - torch.Size([64]): 
PretrainedInit: load from open-mmlab://resnet50_v1c 

backbone.layer1.2.bn1.bias - torch.Size([64]): 
PretrainedInit: load from open-mmlab://resnet50_v1c 

backbone.layer1.2.conv2.weight - torch.Size([64, 64, 3, 3]): 
PretrainedInit: load from open-mmlab://resnet50_v1c 

backbone.layer1.2.bn2.weight - torch.Size([64]): 
PretrainedInit: load from open-mmlab://resnet50_v1c 

backbone.layer1.2.bn2.bias - torch.Size([64]): 
PretrainedInit: load from open-mmlab://resnet50_v1c 

backbone.layer1.2.conv3.weight - torch.Size([256, 64, 1, 1]): 
PretrainedInit: load from open-mmlab://resnet50_v1c 

backbone.layer1.2.bn3.weight - torch.Size([256]): 
PretrainedInit: load from open-mmlab://resnet50_v1c 

backbone.layer1.2.bn3.bias - torch.Size([256]): 
PretrainedInit: load from open-mmlab://resnet50_v1c 

backbone.layer2.0.conv1.weight - torch.Size([128, 256, 1, 1]): 
PretrainedInit: load from open-mmlab://resnet50_v1c 

backbone.layer2.0.bn1.weight - torch.Size([128]): 
PretrainedInit: load from open-mmlab://resnet50_v1c 

backbone.layer2.0.bn1.bias - torch.Size([128]): 
PretrainedInit: load from open-mmlab://resnet50_v1c 

backbone.layer2.0.conv2.weight - torch.Size([128, 128, 3, 3]): 
PretrainedInit: load from open-mmlab://resnet50_v1c 

backbone.layer2.0.bn2.weight - torch.Size([128]): 
PretrainedInit: load from open-mmlab://resnet50_v1c 

backbone.layer2.0.bn2.bias - torch.Size([128]): 
PretrainedInit: load from open-mmlab://resnet50_v1c 

backbone.layer2.0.conv3.weight - torch.Size([512, 128, 1, 1]): 
PretrainedInit: load from open-mmlab://resnet50_v1c 

backbone.layer2.0.bn3.weight - torch.Size([512]): 
PretrainedInit: load from open-mmlab://resnet50_v1c 

backbone.layer2.0.bn3.bias - torch.Size([512]): 
PretrainedInit: load from open-mmlab://resnet50_v1c 

backbone.layer2.0.downsample.0.weight - torch.Size([512, 256, 1, 1]): 
PretrainedInit: load from open-mmlab://resnet50_v1c 

backbone.layer2.0.downsample.1.weight - torch.Size([512]): 
PretrainedInit: load from open-mmlab://resnet50_v1c 

backbone.layer2.0.downsample.1.bias - torch.Size([512]): 
PretrainedInit: load from open-mmlab://resnet50_v1c 

backbone.layer2.1.conv1.weight - torch.Size([128, 512, 1, 1]): 
PretrainedInit: load from open-mmlab://resnet50_v1c 

backbone.layer2.1.bn1.weight - torch.Size([128]): 
PretrainedInit: load from open-mmlab://resnet50_v1c 

backbone.layer2.1.bn1.bias - torch.Size([128]): 
PretrainedInit: load from open-mmlab://resnet50_v1c 

backbone.layer2.1.conv2.weight - torch.Size([128, 128, 3, 3]): 
PretrainedInit: load from open-mmlab://resnet50_v1c 

backbone.layer2.1.bn2.weight - torch.Size([128]): 
PretrainedInit: load from open-mmlab://resnet50_v1c 

backbone.layer2.1.bn2.bias - torch.Size([128]): 
PretrainedInit: load from open-mmlab://resnet50_v1c 

backbone.layer2.1.conv3.weight - torch.Size([512, 128, 1, 1]): 
PretrainedInit: load from open-mmlab://resnet50_v1c 

backbone.layer2.1.bn3.weight - torch.Size([512]): 
PretrainedInit: load from open-mmlab://resnet50_v1c 

backbone.layer2.1.bn3.bias - torch.Size([512]): 
PretrainedInit: load from open-mmlab://resnet50_v1c 

backbone.layer2.2.conv1.weight - torch.Size([128, 512, 1, 1]): 
PretrainedInit: load from open-mmlab://resnet50_v1c 

backbone.layer2.2.bn1.weight - torch.Size([128]): 
PretrainedInit: load from open-mmlab://resnet50_v1c 

backbone.layer2.2.bn1.bias - torch.Size([128]): 
PretrainedInit: load from open-mmlab://resnet50_v1c 

backbone.layer2.2.conv2.weight - torch.Size([128, 128, 3, 3]): 
PretrainedInit: load from open-mmlab://resnet50_v1c 

backbone.layer2.2.bn2.weight - torch.Size([128]): 
PretrainedInit: load from open-mmlab://resnet50_v1c 

backbone.layer2.2.bn2.bias - torch.Size([128]): 
PretrainedInit: load from open-mmlab://resnet50_v1c 

backbone.layer2.2.conv3.weight - torch.Size([512, 128, 1, 1]): 
PretrainedInit: load from open-mmlab://resnet50_v1c 

backbone.layer2.2.bn3.weight - torch.Size([512]): 
PretrainedInit: load from open-mmlab://resnet50_v1c 

backbone.layer2.2.bn3.bias - torch.Size([512]): 
PretrainedInit: load from open-mmlab://resnet50_v1c 

backbone.layer2.3.conv1.weight - torch.Size([128, 512, 1, 1]): 
PretrainedInit: load from open-mmlab://resnet50_v1c 

backbone.layer2.3.bn1.weight - torch.Size([128]): 
PretrainedInit: load from open-mmlab://resnet50_v1c 

backbone.layer2.3.bn1.bias - torch.Size([128]): 
PretrainedInit: load from open-mmlab://resnet50_v1c 

backbone.layer2.3.conv2.weight - torch.Size([128, 128, 3, 3]): 
PretrainedInit: load from open-mmlab://resnet50_v1c 

backbone.layer2.3.bn2.weight - torch.Size([128]): 
PretrainedInit: load from open-mmlab://resnet50_v1c 

backbone.layer2.3.bn2.bias - torch.Size([128]): 
PretrainedInit: load from open-mmlab://resnet50_v1c 

backbone.layer2.3.conv3.weight - torch.Size([512, 128, 1, 1]): 
PretrainedInit: load from open-mmlab://resnet50_v1c 

backbone.layer2.3.bn3.weight - torch.Size([512]): 
PretrainedInit: load from open-mmlab://resnet50_v1c 

backbone.layer2.3.bn3.bias - torch.Size([512]): 
PretrainedInit: load from open-mmlab://resnet50_v1c 

backbone.layer3.0.conv1.weight - torch.Size([256, 512, 1, 1]): 
PretrainedInit: load from open-mmlab://resnet50_v1c 

backbone.layer3.0.bn1.weight - torch.Size([256]): 
PretrainedInit: load from open-mmlab://resnet50_v1c 

backbone.layer3.0.bn1.bias - torch.Size([256]): 
PretrainedInit: load from open-mmlab://resnet50_v1c 

backbone.layer3.0.conv2.weight - torch.Size([256, 256, 3, 3]): 
PretrainedInit: load from open-mmlab://resnet50_v1c 

backbone.layer3.0.bn2.weight - torch.Size([256]): 
PretrainedInit: load from open-mmlab://resnet50_v1c 

backbone.layer3.0.bn2.bias - torch.Size([256]): 
PretrainedInit: load from open-mmlab://resnet50_v1c 

backbone.layer3.0.conv3.weight - torch.Size([1024, 256, 1, 1]): 
PretrainedInit: load from open-mmlab://resnet50_v1c 

backbone.layer3.0.bn3.weight - torch.Size([1024]): 
PretrainedInit: load from open-mmlab://resnet50_v1c 

backbone.layer3.0.bn3.bias - torch.Size([1024]): 
PretrainedInit: load from open-mmlab://resnet50_v1c 

backbone.layer3.0.downsample.0.weight - torch.Size([1024, 512, 1, 1]): 
PretrainedInit: load from open-mmlab://resnet50_v1c 

backbone.layer3.0.downsample.1.weight - torch.Size([1024]): 
PretrainedInit: load from open-mmlab://resnet50_v1c 

backbone.layer3.0.downsample.1.bias - torch.Size([1024]): 
PretrainedInit: load from open-mmlab://resnet50_v1c 

backbone.layer3.1.conv1.weight - torch.Size([256, 1024, 1, 1]): 
PretrainedInit: load from open-mmlab://resnet50_v1c 

backbone.layer3.1.bn1.weight - torch.Size([256]): 
PretrainedInit: load from open-mmlab://resnet50_v1c 

backbone.layer3.1.bn1.bias - torch.Size([256]): 
PretrainedInit: load from open-mmlab://resnet50_v1c 

backbone.layer3.1.conv2.weight - torch.Size([256, 256, 3, 3]): 
PretrainedInit: load from open-mmlab://resnet50_v1c 

backbone.layer3.1.bn2.weight - torch.Size([256]): 
PretrainedInit: load from open-mmlab://resnet50_v1c 

backbone.layer3.1.bn2.bias - torch.Size([256]): 
PretrainedInit: load from open-mmlab://resnet50_v1c 

backbone.layer3.1.conv3.weight - torch.Size([1024, 256, 1, 1]): 
PretrainedInit: load from open-mmlab://resnet50_v1c 

backbone.layer3.1.bn3.weight - torch.Size([1024]): 
PretrainedInit: load from open-mmlab://resnet50_v1c 

backbone.layer3.1.bn3.bias - torch.Size([1024]): 
PretrainedInit: load from open-mmlab://resnet50_v1c 

backbone.layer3.2.conv1.weight - torch.Size([256, 1024, 1, 1]): 
PretrainedInit: load from open-mmlab://resnet50_v1c 

backbone.layer3.2.bn1.weight - torch.Size([256]): 
PretrainedInit: load from open-mmlab://resnet50_v1c 

backbone.layer3.2.bn1.bias - torch.Size([256]): 
PretrainedInit: load from open-mmlab://resnet50_v1c 

backbone.layer3.2.conv2.weight - torch.Size([256, 256, 3, 3]): 
PretrainedInit: load from open-mmlab://resnet50_v1c 

backbone.layer3.2.bn2.weight - torch.Size([256]): 
PretrainedInit: load from open-mmlab://resnet50_v1c 

backbone.layer3.2.bn2.bias - torch.Size([256]): 
PretrainedInit: load from open-mmlab://resnet50_v1c 

backbone.layer3.2.conv3.weight - torch.Size([1024, 256, 1, 1]): 
PretrainedInit: load from open-mmlab://resnet50_v1c 

backbone.layer3.2.bn3.weight - torch.Size([1024]): 
PretrainedInit: load from open-mmlab://resnet50_v1c 

backbone.layer3.2.bn3.bias - torch.Size([1024]): 
PretrainedInit: load from open-mmlab://resnet50_v1c 

backbone.layer3.3.conv1.weight - torch.Size([256, 1024, 1, 1]): 
PretrainedInit: load from open-mmlab://resnet50_v1c 

backbone.layer3.3.bn1.weight - torch.Size([256]): 
PretrainedInit: load from open-mmlab://resnet50_v1c 

backbone.layer3.3.bn1.bias - torch.Size([256]): 
PretrainedInit: load from open-mmlab://resnet50_v1c 

backbone.layer3.3.conv2.weight - torch.Size([256, 256, 3, 3]): 
PretrainedInit: load from open-mmlab://resnet50_v1c 

backbone.layer3.3.bn2.weight - torch.Size([256]): 
PretrainedInit: load from open-mmlab://resnet50_v1c 

backbone.layer3.3.bn2.bias - torch.Size([256]): 
PretrainedInit: load from open-mmlab://resnet50_v1c 

backbone.layer3.3.conv3.weight - torch.Size([1024, 256, 1, 1]): 
PretrainedInit: load from open-mmlab://resnet50_v1c 

backbone.layer3.3.bn3.weight - torch.Size([1024]): 
PretrainedInit: load from open-mmlab://resnet50_v1c 

backbone.layer3.3.bn3.bias - torch.Size([1024]): 
PretrainedInit: load from open-mmlab://resnet50_v1c 

backbone.layer3.4.conv1.weight - torch.Size([256, 1024, 1, 1]): 
PretrainedInit: load from open-mmlab://resnet50_v1c 

backbone.layer3.4.bn1.weight - torch.Size([256]): 
PretrainedInit: load from open-mmlab://resnet50_v1c 

backbone.layer3.4.bn1.bias - torch.Size([256]): 
PretrainedInit: load from open-mmlab://resnet50_v1c 

backbone.layer3.4.conv2.weight - torch.Size([256, 256, 3, 3]): 
PretrainedInit: load from open-mmlab://resnet50_v1c 

backbone.layer3.4.bn2.weight - torch.Size([256]): 
PretrainedInit: load from open-mmlab://resnet50_v1c 

backbone.layer3.4.bn2.bias - torch.Size([256]): 
PretrainedInit: load from open-mmlab://resnet50_v1c 

backbone.layer3.4.conv3.weight - torch.Size([1024, 256, 1, 1]): 
PretrainedInit: load from open-mmlab://resnet50_v1c 

backbone.layer3.4.bn3.weight - torch.Size([1024]): 
PretrainedInit: load from open-mmlab://resnet50_v1c 

backbone.layer3.4.bn3.bias - torch.Size([1024]): 
PretrainedInit: load from open-mmlab://resnet50_v1c 

backbone.layer3.5.conv1.weight - torch.Size([256, 1024, 1, 1]): 
PretrainedInit: load from open-mmlab://resnet50_v1c 

backbone.layer3.5.bn1.weight - torch.Size([256]): 
PretrainedInit: load from open-mmlab://resnet50_v1c 

backbone.layer3.5.bn1.bias - torch.Size([256]): 
PretrainedInit: load from open-mmlab://resnet50_v1c 

backbone.layer3.5.conv2.weight - torch.Size([256, 256, 3, 3]): 
PretrainedInit: load from open-mmlab://resnet50_v1c 

backbone.layer3.5.bn2.weight - torch.Size([256]): 
PretrainedInit: load from open-mmlab://resnet50_v1c 

backbone.layer3.5.bn2.bias - torch.Size([256]): 
PretrainedInit: load from open-mmlab://resnet50_v1c 

backbone.layer3.5.conv3.weight - torch.Size([1024, 256, 1, 1]): 
PretrainedInit: load from open-mmlab://resnet50_v1c 

backbone.layer3.5.bn3.weight - torch.Size([1024]): 
PretrainedInit: load from open-mmlab://resnet50_v1c 

backbone.layer3.5.bn3.bias - torch.Size([1024]): 
PretrainedInit: load from open-mmlab://resnet50_v1c 

backbone.layer4.0.conv1.weight - torch.Size([512, 1024, 1, 1]): 
PretrainedInit: load from open-mmlab://resnet50_v1c 

backbone.layer4.0.bn1.weight - torch.Size([512]): 
PretrainedInit: load from open-mmlab://resnet50_v1c 

backbone.layer4.0.bn1.bias - torch.Size([512]): 
PretrainedInit: load from open-mmlab://resnet50_v1c 

backbone.layer4.0.conv2.weight - torch.Size([512, 512, 3, 3]): 
PretrainedInit: load from open-mmlab://resnet50_v1c 

backbone.layer4.0.bn2.weight - torch.Size([512]): 
PretrainedInit: load from open-mmlab://resnet50_v1c 

backbone.layer4.0.bn2.bias - torch.Size([512]): 
PretrainedInit: load from open-mmlab://resnet50_v1c 

backbone.layer4.0.conv3.weight - torch.Size([2048, 512, 1, 1]): 
PretrainedInit: load from open-mmlab://resnet50_v1c 

backbone.layer4.0.bn3.weight - torch.Size([2048]): 
PretrainedInit: load from open-mmlab://resnet50_v1c 

backbone.layer4.0.bn3.bias - torch.Size([2048]): 
PretrainedInit: load from open-mmlab://resnet50_v1c 

backbone.layer4.0.downsample.0.weight - torch.Size([2048, 1024, 1, 1]): 
PretrainedInit: load from open-mmlab://resnet50_v1c 

backbone.layer4.0.downsample.1.weight - torch.Size([2048]): 
PretrainedInit: load from open-mmlab://resnet50_v1c 

backbone.layer4.0.downsample.1.bias - torch.Size([2048]): 
PretrainedInit: load from open-mmlab://resnet50_v1c 

backbone.layer4.1.conv1.weight - torch.Size([512, 2048, 1, 1]): 
PretrainedInit: load from open-mmlab://resnet50_v1c 

backbone.layer4.1.bn1.weight - torch.Size([512]): 
PretrainedInit: load from open-mmlab://resnet50_v1c 

backbone.layer4.1.bn1.bias - torch.Size([512]): 
PretrainedInit: load from open-mmlab://resnet50_v1c 

backbone.layer4.1.conv2.weight - torch.Size([512, 512, 3, 3]): 
PretrainedInit: load from open-mmlab://resnet50_v1c 

backbone.layer4.1.bn2.weight - torch.Size([512]): 
PretrainedInit: load from open-mmlab://resnet50_v1c 

backbone.layer4.1.bn2.bias - torch.Size([512]): 
PretrainedInit: load from open-mmlab://resnet50_v1c 

backbone.layer4.1.conv3.weight - torch.Size([2048, 512, 1, 1]): 
PretrainedInit: load from open-mmlab://resnet50_v1c 

backbone.layer4.1.bn3.weight - torch.Size([2048]): 
PretrainedInit: load from open-mmlab://resnet50_v1c 

backbone.layer4.1.bn3.bias - torch.Size([2048]): 
PretrainedInit: load from open-mmlab://resnet50_v1c 

backbone.layer4.2.conv1.weight - torch.Size([512, 2048, 1, 1]): 
PretrainedInit: load from open-mmlab://resnet50_v1c 

backbone.layer4.2.bn1.weight - torch.Size([512]): 
PretrainedInit: load from open-mmlab://resnet50_v1c 

backbone.layer4.2.bn1.bias - torch.Size([512]): 
PretrainedInit: load from open-mmlab://resnet50_v1c 

backbone.layer4.2.conv2.weight - torch.Size([512, 512, 3, 3]): 
PretrainedInit: load from open-mmlab://resnet50_v1c 

backbone.layer4.2.bn2.weight - torch.Size([512]): 
PretrainedInit: load from open-mmlab://resnet50_v1c 

backbone.layer4.2.bn2.bias - torch.Size([512]): 
PretrainedInit: load from open-mmlab://resnet50_v1c 

backbone.layer4.2.conv3.weight - torch.Size([2048, 512, 1, 1]): 
PretrainedInit: load from open-mmlab://resnet50_v1c 

backbone.layer4.2.bn3.weight - torch.Size([2048]): 
PretrainedInit: load from open-mmlab://resnet50_v1c 

backbone.layer4.2.bn3.bias - torch.Size([2048]): 
PretrainedInit: load from open-mmlab://resnet50_v1c 

decode_head.conv_seg.weight - torch.Size([2, 512, 1, 1]): 
NormalInit: mean=0, std=0.01, bias=0 

decode_head.conv_seg.bias - torch.Size([2]): 
NormalInit: mean=0, std=0.01, bias=0 

decode_head.psp_modules.0.1.conv.weight - torch.Size([512, 2048, 1, 1]): 
The value is the same before and after calling `init_weights` of EncoderDecoder  

decode_head.psp_modules.0.1.bn.weight - torch.Size([512]): 
The value is the same before and after calling `init_weights` of EncoderDecoder  

decode_head.psp_modules.0.1.bn.bias - torch.Size([512]): 
The value is the same before and after calling `init_weights` of EncoderDecoder  

decode_head.psp_modules.1.1.conv.weight - torch.Size([512, 2048, 1, 1]): 
The value is the same before and after calling `init_weights` of EncoderDecoder  

decode_head.psp_modules.1.1.bn.weight - torch.Size([512]): 
The value is the same before and after calling `init_weights` of EncoderDecoder  

decode_head.psp_modules.1.1.bn.bias - torch.Size([512]): 
The value is the same before and after calling `init_weights` of EncoderDecoder  

decode_head.psp_modules.2.1.conv.weight - torch.Size([512, 2048, 1, 1]): 
The value is the same before and after calling `init_weights` of EncoderDecoder  

decode_head.psp_modules.2.1.bn.weight - torch.Size([512]): 
The value is the same before and after calling `init_weights` of EncoderDecoder  

decode_head.psp_modules.2.1.bn.bias - torch.Size([512]): 
The value is the same before and after calling `init_weights` of EncoderDecoder  

decode_head.psp_modules.3.1.conv.weight - torch.Size([512, 2048, 1, 1]): 
The value is the same before and after calling `init_weights` of EncoderDecoder  

decode_head.psp_modules.3.1.bn.weight - torch.Size([512]): 
The value is the same before and after calling `init_weights` of EncoderDecoder  

decode_head.psp_modules.3.1.bn.bias - torch.Size([512]): 
The value is the same before and after calling `init_weights` of EncoderDecoder  

decode_head.bottleneck.conv.weight - torch.Size([512, 4096, 3, 3]): 
Initialized by user-defined `init_weights` in ConvModule  

decode_head.bottleneck.bn.weight - torch.Size([512]): 
The value is the same before and after calling `init_weights` of EncoderDecoder  

decode_head.bottleneck.bn.bias - torch.Size([512]): 
The value is the same before and after calling `init_weights` of EncoderDecoder  

auxiliary_head.conv_seg.weight - torch.Size([2, 256, 1, 1]): 
NormalInit: mean=0, std=0.01, bias=0 

auxiliary_head.conv_seg.bias - torch.Size([2]): 
NormalInit: mean=0, std=0.01, bias=0 

auxiliary_head.convs.0.conv.weight - torch.Size([256, 1024, 3, 3]): 
The value is the same before and after calling `init_weights` of EncoderDecoder  

auxiliary_head.convs.0.bn.weight - torch.Size([256]): 
The value is the same before and after calling `init_weights` of EncoderDecoder  

auxiliary_head.convs.0.bn.bias - torch.Size([256]): 
The value is the same before and after calling `init_weights` of EncoderDecoder  
2023/02/11 23:56:53 - mmengine - INFO - Load checkpoint from /HOME/scz0bet/run/mmsegmentation/checkpoints/pspnet_r50-d8_512x1024_40k_cityscapes_20200605_003338-2966598c.pth
2023/02/11 23:56:53 - mmengine - INFO - Checkpoints will be saved to /data/run01/scz0bet/mmsegmentation/work/pspnet_r50_Glomeruli.
2023/02/11 23:57:14 - mmengine - INFO - Iter(train) [ 100/1600]  lr: 9.9779e-03  eta: 0:05:12  time: 0.1498  data_time: 0.0191  memory: 11478  loss: 0.1104  decode.loss_ce: 0.0787  decode.acc_seg: 98.7212  aux.loss_ce: 0.0318  aux.acc_seg: 98.7212
2023/02/11 23:57:29 - mmengine - INFO - Iter(train) [ 200/1600]  lr: 9.9557e-03  eta: 0:04:09  time: 0.1429  data_time: 0.0118  memory: 3774  loss: 0.0527  decode.loss_ce: 0.0364  decode.acc_seg: 99.9683  aux.loss_ce: 0.0163  aux.acc_seg: 99.9683
2023/02/11 23:57:37 - mmengine - INFO - Exp name: pspnet_r50_Glomeruli_20230211_235645
2023/02/11 23:57:43 - mmengine - INFO - Iter(train) [ 300/1600]  lr: 9.9334e-03  eta: 0:03:36  time: 0.1407  data_time: 0.0094  memory: 3774  loss: 0.0517  decode.loss_ce: 0.0359  decode.acc_seg: 99.4693  aux.loss_ce: 0.0158  aux.acc_seg: 99.8386
2023/02/11 23:57:57 - mmengine - INFO - Iter(train) [ 400/1600]  lr: 9.9111e-03  eta: 0:03:11  time: 0.1368  data_time: 0.0050  memory: 3774  loss: 0.0450  decode.loss_ce: 0.0320  decode.acc_seg: 92.5436  aux.loss_ce: 0.0130  aux.acc_seg: 91.9728
2023/02/11 23:57:57 - mmengine - INFO - Saving checkpoint at 400 iterations
2023/02/11 23:58:01 - mmengine - INFO - Iter(val) [100/515]    eta: 0:00:11  time: 0.0146  data_time: 0.0017  memory: 9330  
2023/02/11 23:58:02 - mmengine - INFO - Iter(val) [200/515]    eta: 0:00:06  time: 0.0146  data_time: 0.0018  memory: 696  
2023/02/11 23:58:04 - mmengine - INFO - Iter(val) [300/515]    eta: 0:00:04  time: 0.0148  data_time: 0.0019  memory: 696  
2023/02/11 23:58:05 - mmengine - INFO - Iter(val) [400/515]    eta: 0:00:02  time: 0.0147  data_time: 0.0019  memory: 696  
2023/02/11 23:58:07 - mmengine - INFO - Iter(val) [500/515]    eta: 0:00:00  time: 0.0146  data_time: 0.0018  memory: 696  
2023/02/11 23:58:07 - mmengine - INFO - per class results:
2023/02/11 23:58:07 - mmengine - INFO - 
+------------+-------+-------+
|   Class    |  IoU  |  Acc  |
+------------+-------+-------+
| background |  99.1 | 99.87 |
| glomeruili | 55.92 | 59.66 |
+------------+-------+-------+
2023/02/11 23:58:07 - mmengine - INFO - Iter(val) [515/515]  aAcc: 99.1100  mIoU: 77.5100  mAcc: 79.7600
2023/02/11 23:58:21 - mmengine - INFO - Iter(train) [ 500/1600]  lr: 9.8888e-03  eta: 0:02:50  time: 0.1361  data_time: 0.0051  memory: 3774  loss: 0.0439  decode.loss_ce: 0.0309  decode.acc_seg: 99.9490  aux.loss_ce: 0.0129  aux.acc_seg: 100.0000
2023/02/11 23:58:34 - mmengine - INFO - Iter(train) [ 600/1600]  lr: 9.8665e-03  eta: 0:02:31  time: 0.1359  data_time: 0.0047  memory: 3774  loss: 0.0216  decode.loss_ce: 0.0143  decode.acc_seg: 100.0000  aux.loss_ce: 0.0072  aux.acc_seg: 100.0000
2023/02/11 23:58:48 - mmengine - INFO - Iter(train) [ 700/1600]  lr: 9.8442e-03  eta: 0:02:14  time: 0.1359  data_time: 0.0046  memory: 3774  loss: 0.0213  decode.loss_ce: 0.0143  decode.acc_seg: 99.3323  aux.loss_ce: 0.0070  aux.acc_seg: 98.7218
2023/02/11 23:59:02 - mmengine - INFO - Iter(train) [ 800/1600]  lr: 9.8218e-03  eta: 0:01:58  time: 0.1370  data_time: 0.0049  memory: 3774  loss: 0.0307  decode.loss_ce: 0.0215  decode.acc_seg: 99.5283  aux.loss_ce: 0.0092  aux.acc_seg: 99.9567
2023/02/11 23:59:02 - mmengine - INFO - Saving checkpoint at 800 iterations
2023/02/11 23:59:05 - mmengine - INFO - Iter(val) [100/515]    eta: 0:00:06  time: 0.0145  data_time: 0.0016  memory: 696  
2023/02/11 23:59:06 - mmengine - INFO - Iter(val) [200/515]    eta: 0:00:04  time: 0.0146  data_time: 0.0018  memory: 696  
2023/02/11 23:59:08 - mmengine - INFO - Iter(val) [300/515]    eta: 0:00:03  time: 0.0147  data_time: 0.0018  memory: 696  
2023/02/11 23:59:09 - mmengine - INFO - Iter(val) [400/515]    eta: 0:00:01  time: 0.0147  data_time: 0.0019  memory: 696  
2023/02/11 23:59:11 - mmengine - INFO - Iter(val) [500/515]    eta: 0:00:00  time: 0.0146  data_time: 0.0018  memory: 696  
2023/02/11 23:59:11 - mmengine - INFO - per class results:
2023/02/11 23:59:11 - mmengine - INFO - 
+------------+-------+-------+
|   Class    |  IoU  |  Acc  |
+------------+-------+-------+
| background |  99.1 | 99.55 |
| glomeruili | 61.96 | 76.42 |
+------------+-------+-------+
2023/02/11 23:59:11 - mmengine - INFO - Iter(val) [515/515]  aAcc: 99.1100  mIoU: 80.5300  mAcc: 87.9800
2023/02/11 23:59:25 - mmengine - INFO - Iter(train) [ 900/1600]  lr: 9.7995e-03  eta: 0:01:42  time: 0.1369  data_time: 0.0047  memory: 3774  loss: 0.0228  decode.loss_ce: 0.0150  decode.acc_seg: 98.2226  aux.loss_ce: 0.0078  aux.acc_seg: 98.5454
2023/02/11 23:59:38 - mmengine - INFO - Exp name: pspnet_r50_Glomeruli_20230211_235645
2023/02/11 23:59:38 - mmengine - INFO - Iter(train) [1000/1600]  lr: 9.7772e-03  eta: 0:01:27  time: 0.1371  data_time: 0.0048  memory: 3774  loss: 0.0231  decode.loss_ce: 0.0161  decode.acc_seg: 99.3395  aux.loss_ce: 0.0070  aux.acc_seg: 98.8667
2023/02/11 23:59:52 - mmengine - INFO - Iter(train) [1100/1600]  lr: 9.7549e-03  eta: 0:01:12  time: 0.1373  data_time: 0.0049  memory: 3774  loss: 0.0149  decode.loss_ce: 0.0096  decode.acc_seg: 99.8324  aux.loss_ce: 0.0052  aux.acc_seg: 99.5995
2023/02/12 00:00:06 - mmengine - INFO - Iter(train) [1200/1600]  lr: 9.7325e-03  eta: 0:00:57  time: 0.1368  data_time: 0.0048  memory: 3774  loss: 0.0347  decode.loss_ce: 0.0233  decode.acc_seg: 100.0000  aux.loss_ce: 0.0114  aux.acc_seg: 99.9844
2023/02/12 00:00:06 - mmengine - INFO - Saving checkpoint at 1200 iterations
2023/02/12 00:00:09 - mmengine - INFO - Iter(val) [100/515]    eta: 0:00:06  time: 0.0144  data_time: 0.0017  memory: 696  
2023/02/12 00:00:10 - mmengine - INFO - Iter(val) [200/515]    eta: 0:00:04  time: 0.0146  data_time: 0.0017  memory: 696  
2023/02/12 00:00:12 - mmengine - INFO - Iter(val) [300/515]    eta: 0:00:03  time: 0.0146  data_time: 0.0017  memory: 696  
2023/02/12 00:00:13 - mmengine - INFO - Iter(val) [400/515]    eta: 0:00:01  time: 0.0145  data_time: 0.0018  memory: 696  
2023/02/12 00:00:15 - mmengine - INFO - Iter(val) [500/515]    eta: 0:00:00  time: 0.0146  data_time: 0.0018  memory: 696  
2023/02/12 00:00:15 - mmengine - INFO - per class results:
2023/02/12 00:00:15 - mmengine - INFO - 
+------------+-------+-------+
|   Class    |  IoU  |  Acc  |
+------------+-------+-------+
| background | 98.95 | 99.62 |
| glomeruili | 54.38 | 65.09 |
+------------+-------+-------+
2023/02/12 00:00:15 - mmengine - INFO - Iter(val) [515/515]  aAcc: 98.9600  mIoU: 76.6700  mAcc: 82.3600
2023/02/12 00:00:29 - mmengine - INFO - Iter(train) [1300/1600]  lr: 9.7102e-03  eta: 0:00:43  time: 0.1377  data_time: 0.0050  memory: 3774  loss: 0.0160  decode.loss_ce: 0.0093  decode.acc_seg: 99.8348  aux.loss_ce: 0.0067  aux.acc_seg: 99.5713
2023/02/12 00:00:42 - mmengine - INFO - Iter(train) [1400/1600]  lr: 9.6878e-03  eta: 0:00:28  time: 0.1379  data_time: 0.0054  memory: 3774  loss: 0.0208  decode.loss_ce: 0.0147  decode.acc_seg: 99.7847  aux.loss_ce: 0.0061  aux.acc_seg: 99.3547
2023/02/12 00:00:56 - mmengine - INFO - Iter(train) [1500/1600]  lr: 9.6655e-03  eta: 0:00:14  time: 0.1375  data_time: 0.0052  memory: 3774  loss: 0.0200  decode.loss_ce: 0.0122  decode.acc_seg: 99.5649  aux.loss_ce: 0.0078  aux.acc_seg: 99.5262
2023/02/12 00:01:10 - mmengine - INFO - Iter(train) [1600/1600]  lr: 9.6431e-03  eta: 0:00:00  time: 0.1376  data_time: 0.0051  memory: 3774  loss: 0.0206  decode.loss_ce: 0.0146  decode.acc_seg: 99.5025  aux.loss_ce: 0.0061  aux.acc_seg: 99.9189
2023/02/12 00:01:10 - mmengine - INFO - Saving checkpoint at 1600 iterations
2023/02/12 00:01:13 - mmengine - INFO - Iter(val) [100/515]    eta: 0:00:06  time: 0.0144  data_time: 0.0017  memory: 696  
2023/02/12 00:01:14 - mmengine - INFO - Iter(val) [200/515]    eta: 0:00:04  time: 0.0144  data_time: 0.0017  memory: 696  
2023/02/12 00:01:16 - mmengine - INFO - Iter(val) [300/515]    eta: 0:00:03  time: 0.0146  data_time: 0.0017  memory: 696  
2023/02/12 00:01:17 - mmengine - INFO - Iter(val) [400/515]    eta: 0:00:01  time: 0.0147  data_time: 0.0017  memory: 696  
2023/02/12 00:01:19 - mmengine - INFO - Iter(val) [500/515]    eta: 0:00:00  time: 0.0144  data_time: 0.0017  memory: 696  
2023/02/12 00:01:19 - mmengine - INFO - per class results:
2023/02/12 00:01:19 - mmengine - INFO - 
+------------+-------+-------+
|   Class    |  IoU  |  Acc  |
+------------+-------+-------+
| background | 99.36 | 99.85 |
| glomeruili | 69.45 | 74.95 |
+------------+-------+-------+
2023/02/12 00:01:19 - mmengine - INFO - Iter(val) [515/515]  aAcc: 99.3700  mIoU: 84.4100  mAcc: 87.4000
